#
# A fatal error has been detected by the Java Runtime Environment:
#
#  EXCEPTION_ACCESS_VIOLATION (0xc0000005) at pc=0x00007ff9f560fa7a, pid=20952, tid=220
#
# JRE version: OpenJDK Runtime Environment Temurin-17.0.4+8 (17.0.4+8) (build 17.0.4+8)
# Java VM: OpenJDK 64-Bit Server VM Temurin-17.0.4+8 (17.0.4+8, mixed mode, tiered, compressed oops, compressed class ptrs, g1 gc, windows-amd64)
# Problematic frame:
# V  [jvm.dll+0x79fa7a]
#
# No core dump will be written. Minidumps are not enabled by default on client versions of Windows
#
# If you would like to submit a bug report, please visit:
#   https://github.com/adoptium/adoptium-support/issues
#

---------------  S U M M A R Y ------------

Command Line: -XX:+ShowCodeDetailsInExceptionMessages -agentlib:jdwp=transport=dt_socket,suspend=y,address=localhost:50646 -ea -javaagent:C:\Users\evall\eclipse\java-2022-06\eclipse\configuration\org.eclipse.osgi\215\0\.cp\lib\javaagent-shaded.jar -Dfile.encoding=UTF-8 org.eclipse.jdt.internal.junit.runner.RemoteTestRunner -version 3 -port 50645 -testLoaderClass org.eclipse.jdt.internal.junit5.runner.JUnit5TestLoader -loaderpluginname org.eclipse.jdt.junit5.runtime -test assignment03.PriorityQueueTester:testInsertWithSmallListOfItems -uniqueId [engine:junit-vintage]/[runner:assignment03.PriorityQueueTester]/[test:testInsertWithSmallListOfItems(assignment03.PriorityQueueTester)]

Host: 11th Gen Intel(R) Core(TM) i7-11800H @ 2.30GHz, 16 cores, 15G,  Windows 11 , 64 bit Build 22621 (10.0.22621.1485)
Time: Wed May 31 16:46:05 2023 Mountain Daylight Time elapsed time: 168933.320990 seconds (1d 22h 55m 33s)

---------------  T H R E A D  ---------------

Current thread (0x000001db73351c30):  JavaThread "JDWP Transport Listener: dt_socket" daemon [_thread_in_vm, id=220, stack(0x000000367c100000,0x000000367c200000)]

Stack: [0x000000367c100000,0x000000367c200000],  sp=0x000000367c1ff3a0,  free space=1020k
Native frames: (J=compiled Java code, j=interpreted, Vv=VM code, C=native code)
V  [jvm.dll+0x79fa7a]
V  [jvm.dll+0x50963c]
V  [jvm.dll+0x4d0ca4]
C  [jdwp.dll+0x22f7b]


siginfo: EXCEPTION_ACCESS_VIOLATION (0xc0000005), reading address 0x00000000008d007a


Register to memory mapping:

RIP=0x00007ff9f560fa7a jvm.dll
RAX=0x000000000000008c is an unknown value
RBX=0x000001db7325fda3 points into unknown readable memory: 3b 00 3b 00 64
RCX=0x00000000008d0076 is an unknown value
RDX=0x000001db7493cb00 points into unknown readable memory: 0x6d6e67697373614c | 4c 61 73 73 69 67 6e 6d
RSP=0x000000367c1ff3a0 is pointing into the stack for thread: 0x000001db73351c30
RBP=0x000001db733527a0 points into unknown readable memory: 0x0000001700000002 | 02 00 00 00 17 00 00 00
RSI=0x0 is NULL
RDI=0xffffffffffffffff is an unknown value
R8 =0x00000000000004eb is an unknown value
R9 =0x0000000000000040 is an unknown value
R10=0x00000000000004c0 is an unknown value
R11=0x000000367c1ff3c0 is pointing into the stack for thread: 0x000001db73351c30
R12=0x000000367c1ff4f8 is pointing into the stack for thread: 0x000001db73351c30
R13=0x0 is NULL
R14=0x000000080013d5a8 is a pointer to class: 
assignment03.SimplePriorityQueue {0x000000080013d5b0}
 - instance size:     3
 - klass size:        84
 - access:            public synchronized 
 - state:             fully_initialized
 - name:              'assignment03/SimplePriorityQueue'
 - super:             'java/lang/Object'
 - sub:               
 - arrays:            NULL
 - methods:           Array<T>(0x000001db744957f8)
 - method ordering:   Array<T>(0x000001db7448e610)
 - default_methods:   Array<T>(0x0000000000000000)
 - local interfaces:  Array<T>(0x000001db742d47a0)
 - trans. interfaces: Array<T>(0x000001db742d47a0)
 - constants:         constant pool [175] {0x000001db744a8ab0} for 'assignment03/SimplePriorityQueue' cache=0x000001db74451ff0
 - class loader data:  loader data: 0x000001db731f01c0 for instance a 'jdk/internal/loader/ClassLoaders$AppClassLoader'{0x0000000712a00000}
 - source file:       'SimplePriorityQueue.java'
 - source debug extension:       SMAP
SimplePriorityQueue.java
Java
*S jdt
*F
1 SimplePriorityQueue.java
2 file:/C:/Users/evall/git/2420-Summer/2420-Summer-Project/bin/
*L
*E

 - class annotations:       Array<T>(0x0000000000000000)
 - class type annotations:  Array<T>(0x0000000000000000)
 - field annotations:       Array<T>(0x0000000000000000)
 - field type annotations:  Array<T>(0x0000000000000000)
 - previous version:  constant pool [161] {0x000001db742d4060} for 'assignment03/SimplePriorityQueue' (extra) cache=0x000001db744893c0
 - generic signature: '
[error occurred during error reporting (printing register info), id 0xc0000005, EXCEPTION_ACCESS_VIOLATION (0xc0000005) at pc=0x00007ff9f5610686]

Registers:
RAX=0x000000000000008c, RBX=0x000001db7325fda3, RCX=0x00000000008d0076, RDX=0x000001db7493cb00
RSP=0x000000367c1ff3a0, RBP=0x000001db733527a0, RSI=0x0000000000000000, RDI=0xffffffffffffffff
R8 =0x00000000000004eb, R9 =0x0000000000000040, R10=0x00000000000004c0, R11=0x000000367c1ff3c0
R12=0x000000367c1ff4f8, R13=0x0000000000000000, R14=0x000000080013d5a8, R15=0x000000367c1ff548
RIP=0x00007ff9f560fa7a, EFLAGS=0x0000000000010206

Top of Stack: (sp=0x000000367c1ff3a0)
0x000000367c1ff3a0:   0000000000000020 000000080013d5a8
0x000000367c1ff3b0:   000001db73351c30 0000000000000000
0x000000367c1ff3c0:   ffffffffffffffff 00007ff9f537963c
0x000000367c1ff3d0:   000001db7325fda3 000001db7325fd80
0x000000367c1ff3e0:   000001db733527a0 000001db7493b3c0
0x000000367c1ff3f0:   000001db7325fd40 00000000000003d8
0x000000367c1ff400:   000001db7325fd50 000001db73260128
0x000000367c1ff410:   0000000000000002 000000367c1ff4f8
0x000000367c1ff420:   0000000000000000 0000000000000000
0x000000367c1ff430:   0000000713666e50 00007ff9f5340ca4
0x000000367c1ff440:   000001db73351c30 000000367c1ff548
0x000000367c1ff450:   000001db52fd22a0 000000367c1ff548
0x000000367c1ff460:   000001db73351c30 0000000000000000
0x000000367c1ff470:   000001db00000000 0000000000000000
0x000000367c1ff480:   000000000000000d 00007ffa5b1a2f7b
0x000000367c1ff490:   000000367c1ff540 00007ffa5b1b1600 

Instructions: (pc=0x00007ff9f560fa7a)
0x00007ff9f560f97a:   48 83 c4 20 5f e9 6c 69 90 ff cc cc cc cc cc cc
0x00007ff9f560f98a:   cc cc cc cc cc cc 48 89 5c 24 08 57 48 83 ec 20
0x00007ff9f560f99a:   83 fa 02 8d 42 06 b9 08 00 00 00 49 8b d8 0f 4e
0x00007ff9f560f9aa:   c1 48 63 c8 48 83 c1 07 83 e1 f8 48 63 f9 49 8b
0x00007ff9f560f9ba:   48 18 48 8b c7 48 f7 d0 48 3b c1 73 16 4c 8d 05
0x00007ff9f560f9ca:   6a 58 17 00 48 8b d7 48 8b cb e8 77 cc 90 ff 48
0x00007ff9f560f9da:   8b 4b 18 48 8d 04 39 48 3b 43 20 76 18 45 33 c0
0x00007ff9f560f9ea:   48 8b d7 48 8b cb 48 8b 5c 24 30 48 83 c4 20 5f
0x00007ff9f560f9fa:   e9 d1 c8 90 ff 48 89 43 18 48 8b c1 48 8b 5c 24
0x00007ff9f560fa0a:   30 48 83 c4 20 5f c3 cc cc cc cc cc cc cc cc cc
0x00007ff9f560fa1a:   cc cc cc cc cc cc 4c 8b d2 4c 8b d9 45 85 c0 7e
0x00007ff9f560fa2a:   3c 44 0f b7 49 04 41 8d 40 ff 41 3b c1 44 0f 4c
0x00007ff9f560fa3a:   c8 4d 63 c1 45 85 c9 7e 1f 48 8b c2 4c 2b da 49
0x00007ff9f560fa4a:   8b d0 0f 1f 40 00 41 0f b6 4c 03 06 88 08 48 8d
0x00007ff9f560fa5a:   40 01 48 83 ea 01 75 ee 43 c6 04 10 00 49 8b c2
0x00007ff9f560fa6a:   c3 cc cc cc cc cc 48 89 5c 24 08 57 48 83 ec 20
0x00007ff9f560fa7a:   0f b7 59 04 48 8b f9 33 d2 48 8d 4b 01 e8 c4 d9
0x00007ff9f560fa8a:   f2 ff 0f b7 57 04 4c 8b c0 3b da 0f 42 d3 44 8b
0x00007ff9f560fa9a:   ca 85 d2 74 39 48 2b f8 0f 1f 40 00 66 66 0f 1f
0x00007ff9f560faaa:   84 00 00 00 00 00 0f b6 4c 07 06 88 08 48 ff c0
0x00007ff9f560faba:   48 8b c8 49 2b c8 49 3b c9 7c eb 42 c6 04 02 00
0x00007ff9f560faca:   49 8b c0 48 8b 5c 24 30 48 83 c4 20 5f c3 48 8b
0x00007ff9f560fada:   5c 24 30 c6 04 02 00 48 83 c4 20 5f c3 cc cc cc
0x00007ff9f560faea:   cc cc cc cc cc cc 4c 8b d1 45 85 c0 7e 6c 44 0f
0x00007ff9f560fafa:   b7 49 04 41 8d 40 ff 41 3b c1 44 0f 4c c8 4d 63
0x00007ff9f560fb0a:   d9 45 85 c9 7e 22 48 8b ca 4c 2b d2 4d 8b c3 0f
0x00007ff9f560fb1a:   1f 80 00 00 00 00 41 0f b6 44 0a 06 88 01 48 8d
0x00007ff9f560fb2a:   49 01 49 83 e8 01 75 ee 41 c6 04 13 00 48 c7 c0
0x00007ff9f560fb3a:   ff ff ff ff 66 90 48 ff c0 80 3c 02 00 75 f7 48
0x00007ff9f560fb4a:   63 c8 85 c0 48 8b c2 7e 14 80 38 2f 75 03 c6 00
0x00007ff9f560fb5a:   2e 48 ff c0 48 83 e9 01 75 ef 48 8b c2 c3 cc cc
0x00007ff9f560fb6a:   cc cc cc cc cc cc 48 83 ec 28 e8 f7 fe ff ff 4c 


Stack slot to memory mapping:
stack at sp + 0 slots: 0x0000000000000020 is an unknown value
stack at sp + 1 slots: 0x000000080013d5a8 is a pointer to class: 
assignment03.SimplePriorityQueue {0x000000080013d5b0}
 - instance size:     3
 - klass size:        84
 - access:            public synchronized 
 - state:             fully_initialized
 - name:              'assignment03/SimplePriorityQueue'
 - super:             'java/lang/Object'
 - sub:               
 - arrays:            NULL
 - methods:           Array<T>(0x000001db744957f8)
 - method ordering:   Array<T>(0x000001db7448e610)
 - default_methods:   Array<T>(0x0000000000000000)
 - local interfaces:  Array<T>(0x000001db742d47a0)
 - trans. interfaces: Array<T>(0x000001db742d47a0)
 - constants:         constant pool [175] {0x000001db744a8ab0} for 'assignment03/SimplePriorityQueue' cache=0x000001db74451ff0
 - class loader data:  loader data: 0x000001db731f01c0 for instance a 'jdk/internal/loader/ClassLoaders$AppClassLoader'{0x0000000712a00000}
 - source file:       'SimplePriorityQueue.java'
 - source debug extension:       SMAP
SimplePriorityQueue.java
Java
*S jdt
*F
1 SimplePriorityQueue.java
2 file:/C:/Users/evall/git/2420-Summer/2420-Summer-Project/bin/
*L
*E

 - class annotations:       Array<T>(0x0000000000000000)
 - class type annotations:  Array<T>(0x0000000000000000)
 - field annotations:       Array<T>(0x0000000000000000)
 - field type annotations:  Array<T>(0x0000000000000000)
 - previous version:  constant pool [161] {0x000001db742d4060} for 'assignment03/SimplePriorityQueue' (extra) cache=0x000001db744893c0
 - generic signature: '
[error occurred during error reporting (inspecting top of stack), id 0xc0000005, EXCEPTION_ACCESS_VIOLATION (0xc0000005) at pc=0x00007ff9f5610686]


---------------  P R O C E S S  ---------------

Threads class SMR info:
_java_thread_list=0x000001db7493bb40, length=16, elements={
0x000001db52fe2180, 0x000001db7303a8e0, 0x000001db7307a440, 0x000001db73099660,
0x000001db7309bf30, 0x000001db7309c8e0, 0x000001db7309d290, 0x000001db7309e020,
0x000001db730a0950, 0x000001db730b77f0, 0x000001db731a50d0, 0x000001db73351c30,
0x000001db7331faa0, 0x000001db7331ff90, 0x000001db737f33d0, 0x000001db74d71630
}

Java Threads: ( => current thread )
  0x000001db52fe2180 JavaThread "main" [_thread_blocked, id=19800, stack(0x000000367ae00000,0x000000367af00000)]
  0x000001db7303a8e0 JavaThread "Reference Handler" daemon [_thread_blocked, id=39884, stack(0x000000367b500000,0x000000367b600000)]
  0x000001db7307a440 JavaThread "Finalizer" daemon [_thread_blocked, id=41812, stack(0x000000367b600000,0x000000367b700000)]
  0x000001db73099660 JavaThread "Signal Dispatcher" daemon [_thread_blocked, id=19752, stack(0x000000367b700000,0x000000367b800000)]
  0x000001db7309bf30 JavaThread "Attach Listener" daemon [_thread_blocked, id=24496, stack(0x000000367b800000,0x000000367b900000)]
  0x000001db7309c8e0 JavaThread "Service Thread" daemon [_thread_blocked, id=20036, stack(0x000000367b900000,0x000000367ba00000)]
  0x000001db7309d290 JavaThread "Monitor Deflation Thread" daemon [_thread_blocked, id=33876, stack(0x000000367ba00000,0x000000367bb00000)]
  0x000001db7309e020 JavaThread "C2 CompilerThread0" daemon [_thread_blocked, id=40288, stack(0x000000367bb00000,0x000000367bc00000)]
  0x000001db730a0950 JavaThread "C1 CompilerThread0" daemon [_thread_blocked, id=3916, stack(0x000000367bc00000,0x000000367bd00000)]
  0x000001db730b77f0 JavaThread "Sweeper thread" daemon [_thread_blocked, id=37560, stack(0x000000367bd00000,0x000000367be00000)]
  0x000001db731a50d0 JavaThread "Common-Cleaner" daemon [_thread_blocked, id=8204, stack(0x000000367be00000,0x000000367bf00000)]
=>0x000001db73351c30 JavaThread "JDWP Transport Listener: dt_socket" daemon [_thread_in_vm, id=220, stack(0x000000367c100000,0x000000367c200000)]
  0x000001db7331faa0 JavaThread "JDWP Event Helper Thread" daemon [_thread_blocked, id=23408, stack(0x000000367c200000,0x000000367c300000)]
  0x000001db7331ff90 JavaThread "JDWP Command Reader" daemon [_thread_in_native, id=14352, stack(0x000000367c300000,0x000000367c400000)]
  0x000001db737f33d0 JavaThread "Notification Thread" daemon [_thread_blocked, id=4656, stack(0x000000367c400000,0x000000367c500000)]
  0x000001db74d71630 JavaThread "ReaderThread" [_thread_in_native, id=45584, stack(0x000000367c800000,0x000000367c900000)]

Other Threads:
  0x000001db730373a0 VMThread "VM Thread" [stack: 0x000000367b400000,0x000000367b500000] [id=40192]
  0x000001db733c72c0 WatcherThread [stack: 0x000000367c500000,0x000000367c600000] [id=39868]
  0x000001db5304cbd0 GCTaskThread "GC Thread#0" [stack: 0x000000367af00000,0x000000367b000000] [id=34172]
  0x000001db7498bc00 GCTaskThread "GC Thread#1" [stack: 0x000000367c900000,0x000000367ca00000] [id=16888]
  0x000001db7498b3f0 GCTaskThread "GC Thread#2" [stack: 0x000000367ca00000,0x000000367cb00000] [id=9008]
  0x000001db7498c160 GCTaskThread "GC Thread#3" [stack: 0x000000367cb00000,0x000000367cc00000] [id=16448]
  0x000001db7498b950 GCTaskThread "GC Thread#4" [stack: 0x000000367cc00000,0x000000367cd00000] [id=31288]
  0x000001db7498c410 GCTaskThread "GC Thread#5" [stack: 0x000000367cd00000,0x000000367ce00000] [id=38272]
  0x000001db7498a930 GCTaskThread "GC Thread#6" [stack: 0x000000367ce00000,0x000000367cf00000] [id=44024]
  0x000001db5305dfa0 ConcurrentGCThread "G1 Main Marker" [stack: 0x000000367b000000,0x000000367b100000] [id=38752]
  0x000001db5305e9b0 ConcurrentGCThread "G1 Conc#0" [stack: 0x000000367b100000,0x000000367b200000] [id=41452]
  0x000001db530aec30 ConcurrentGCThread "G1 Refine#0" [stack: 0x000000367b200000,0x000000367b300000] [id=31248]
  0x000001db72330b40 ConcurrentGCThread "G1 Service" [stack: 0x000000367b300000,0x000000367b400000] [id=33960]

Threads with active compile tasks:

VM state: not at safepoint (normal execution)

VM Mutex/Monitor currently owned by a thread: None

Heap address: 0x0000000704600000, size: 4026 MB, Compressed Oops mode: Zero based, Oop shift amount: 3

CDS archive(s) not mapped
Compressed class space mapped at: 0x0000000800000000-0x0000000840000000, reserved size: 1073741824
Narrow klass base: 0x0000000800000000, Narrow klass shift: 0, Narrow klass range: 0x40000000

GC Precious Log:
 CPUs: 16 total, 16 available
 Memory: 16103M
 Large Page Support: Disabled
 NUMA Support: Disabled
 Compressed Oops: Enabled (Zero based)
 Heap Region Size: 2M
 Heap Min Capacity: 8M
 Heap Initial Capacity: 252M
 Heap Max Capacity: 4026M
 Pre-touch: Disabled
 Parallel Workers: 13
 Concurrent Workers: 3
 Concurrent Refinement Workers: 13
 Periodic GC: Disabled

Heap:
 garbage-first heap   total 258048K, used 27039K [0x0000000704600000, 0x0000000800000000)
  region size 2048K, 15 young (30720K), 2 survivors (4096K)
 Metaspace       used 15239K, committed 15360K, reserved 1064960K
  class space    used 1531K, committed 1600K, reserved 1048576K

Heap Regions: E=young(eden), S=young(survivor), O=old, HS=humongous(starts), HC=humongous(continues), CS=collection set, F=free, OA=open archive, CA=closed archive, TAMS=top-at-mark-start (previous, next)
|   0|0x0000000704600000, 0x0000000704600000, 0x0000000704800000|  0%| F|  |TAMS 0x0000000704600000, 0x0000000704600000| Untracked 
|   1|0x0000000704800000, 0x0000000704800000, 0x0000000704a00000|  0%| F|  |TAMS 0x0000000704800000, 0x0000000704800000| Untracked 
|   2|0x0000000704a00000, 0x0000000704a00000, 0x0000000704c00000|  0%| F|  |TAMS 0x0000000704a00000, 0x0000000704a00000| Untracked 
|   3|0x0000000704c00000, 0x0000000704c00000, 0x0000000704e00000|  0%| F|  |TAMS 0x0000000704c00000, 0x0000000704c00000| Untracked 
|   4|0x0000000704e00000, 0x0000000704e00000, 0x0000000705000000|  0%| F|  |TAMS 0x0000000704e00000, 0x0000000704e00000| Untracked 
|   5|0x0000000705000000, 0x0000000705000000, 0x0000000705200000|  0%| F|  |TAMS 0x0000000705000000, 0x0000000705000000| Untracked 
|   6|0x0000000705200000, 0x0000000705200000, 0x0000000705400000|  0%| F|  |TAMS 0x0000000705200000, 0x0000000705200000| Untracked 
|   7|0x0000000705400000, 0x0000000705400000, 0x0000000705600000|  0%| F|  |TAMS 0x0000000705400000, 0x0000000705400000| Untracked 
|   8|0x0000000705600000, 0x0000000705600000, 0x0000000705800000|  0%| F|  |TAMS 0x0000000705600000, 0x0000000705600000| Untracked 
|   9|0x0000000705800000, 0x0000000705800000, 0x0000000705a00000|  0%| F|  |TAMS 0x0000000705800000, 0x0000000705800000| Untracked 
|  10|0x0000000705a00000, 0x0000000705a00000, 0x0000000705c00000|  0%| F|  |TAMS 0x0000000705a00000, 0x0000000705a00000| Untracked 
|  11|0x0000000705c00000, 0x0000000705c00000, 0x0000000705e00000|  0%| F|  |TAMS 0x0000000705c00000, 0x0000000705c00000| Untracked 
|  12|0x0000000705e00000, 0x0000000705e00000, 0x0000000706000000|  0%| F|  |TAMS 0x0000000705e00000, 0x0000000705e00000| Untracked 
|  13|0x0000000706000000, 0x0000000706000000, 0x0000000706200000|  0%| F|  |TAMS 0x0000000706000000, 0x0000000706000000| Untracked 
|  14|0x0000000706200000, 0x0000000706200000, 0x0000000706400000|  0%| F|  |TAMS 0x0000000706200000, 0x0000000706200000| Untracked 
|  15|0x0000000706400000, 0x0000000706400000, 0x0000000706600000|  0%| F|  |TAMS 0x0000000706400000, 0x0000000706400000| Untracked 
|  16|0x0000000706600000, 0x0000000706600000, 0x0000000706800000|  0%| F|  |TAMS 0x0000000706600000, 0x0000000706600000| Untracked 
|  17|0x0000000706800000, 0x0000000706800000, 0x0000000706a00000|  0%| F|  |TAMS 0x0000000706800000, 0x0000000706800000| Untracked 
|  18|0x0000000706a00000, 0x0000000706a00000, 0x0000000706c00000|  0%| F|  |TAMS 0x0000000706a00000, 0x0000000706a00000| Untracked 
|  19|0x0000000706c00000, 0x0000000706c00000, 0x0000000706e00000|  0%| F|  |TAMS 0x0000000706c00000, 0x0000000706c00000| Untracked 
|  20|0x0000000706e00000, 0x0000000706e00000, 0x0000000707000000|  0%| F|  |TAMS 0x0000000706e00000, 0x0000000706e00000| Untracked 
|  21|0x0000000707000000, 0x0000000707000000, 0x0000000707200000|  0%| F|  |TAMS 0x0000000707000000, 0x0000000707000000| Untracked 
|  22|0x0000000707200000, 0x0000000707200000, 0x0000000707400000|  0%| F|  |TAMS 0x0000000707200000, 0x0000000707200000| Untracked 
|  23|0x0000000707400000, 0x0000000707400000, 0x0000000707600000|  0%| F|  |TAMS 0x0000000707400000, 0x0000000707400000| Untracked 
|  24|0x0000000707600000, 0x0000000707600000, 0x0000000707800000|  0%| F|  |TAMS 0x0000000707600000, 0x0000000707600000| Untracked 
|  25|0x0000000707800000, 0x0000000707800000, 0x0000000707a00000|  0%| F|  |TAMS 0x0000000707800000, 0x0000000707800000| Untracked 
|  26|0x0000000707a00000, 0x0000000707a00000, 0x0000000707c00000|  0%| F|  |TAMS 0x0000000707a00000, 0x0000000707a00000| Untracked 
|  27|0x0000000707c00000, 0x0000000707c00000, 0x0000000707e00000|  0%| F|  |TAMS 0x0000000707c00000, 0x0000000707c00000| Untracked 
|  28|0x0000000707e00000, 0x0000000707e00000, 0x0000000708000000|  0%| F|  |TAMS 0x0000000707e00000, 0x0000000707e00000| Untracked 
|  29|0x0000000708000000, 0x0000000708000000, 0x0000000708200000|  0%| F|  |TAMS 0x0000000708000000, 0x0000000708000000| Untracked 
|  30|0x0000000708200000, 0x0000000708200000, 0x0000000708400000|  0%| F|  |TAMS 0x0000000708200000, 0x0000000708200000| Untracked 
|  31|0x0000000708400000, 0x0000000708400000, 0x0000000708600000|  0%| F|  |TAMS 0x0000000708400000, 0x0000000708400000| Untracked 
|  32|0x0000000708600000, 0x0000000708600000, 0x0000000708800000|  0%| F|  |TAMS 0x0000000708600000, 0x0000000708600000| Untracked 
|  33|0x0000000708800000, 0x0000000708800000, 0x0000000708a00000|  0%| F|  |TAMS 0x0000000708800000, 0x0000000708800000| Untracked 
|  34|0x0000000708a00000, 0x0000000708a00000, 0x0000000708c00000|  0%| F|  |TAMS 0x0000000708a00000, 0x0000000708a00000| Untracked 
|  35|0x0000000708c00000, 0x0000000708c00000, 0x0000000708e00000|  0%| F|  |TAMS 0x0000000708c00000, 0x0000000708c00000| Untracked 
|  36|0x0000000708e00000, 0x0000000708e00000, 0x0000000709000000|  0%| F|  |TAMS 0x0000000708e00000, 0x0000000708e00000| Untracked 
|  37|0x0000000709000000, 0x0000000709000000, 0x0000000709200000|  0%| F|  |TAMS 0x0000000709000000, 0x0000000709000000| Untracked 
|  38|0x0000000709200000, 0x0000000709200000, 0x0000000709400000|  0%| F|  |TAMS 0x0000000709200000, 0x0000000709200000| Untracked 
|  39|0x0000000709400000, 0x0000000709400000, 0x0000000709600000|  0%| F|  |TAMS 0x0000000709400000, 0x0000000709400000| Untracked 
|  40|0x0000000709600000, 0x0000000709600000, 0x0000000709800000|  0%| F|  |TAMS 0x0000000709600000, 0x0000000709600000| Untracked 
|  41|0x0000000709800000, 0x0000000709800000, 0x0000000709a00000|  0%| F|  |TAMS 0x0000000709800000, 0x0000000709800000| Untracked 
|  42|0x0000000709a00000, 0x0000000709a00000, 0x0000000709c00000|  0%| F|  |TAMS 0x0000000709a00000, 0x0000000709a00000| Untracked 
|  43|0x0000000709c00000, 0x0000000709c00000, 0x0000000709e00000|  0%| F|  |TAMS 0x0000000709c00000, 0x0000000709c00000| Untracked 
|  44|0x0000000709e00000, 0x0000000709e00000, 0x000000070a000000|  0%| F|  |TAMS 0x0000000709e00000, 0x0000000709e00000| Untracked 
|  45|0x000000070a000000, 0x000000070a000000, 0x000000070a200000|  0%| F|  |TAMS 0x000000070a000000, 0x000000070a000000| Untracked 
|  46|0x000000070a200000, 0x000000070a200000, 0x000000070a400000|  0%| F|  |TAMS 0x000000070a200000, 0x000000070a200000| Untracked 
|  47|0x000000070a400000, 0x000000070a400000, 0x000000070a600000|  0%| F|  |TAMS 0x000000070a400000, 0x000000070a400000| Untracked 
|  48|0x000000070a600000, 0x000000070a600000, 0x000000070a800000|  0%| F|  |TAMS 0x000000070a600000, 0x000000070a600000| Untracked 
|  49|0x000000070a800000, 0x000000070a800000, 0x000000070aa00000|  0%| F|  |TAMS 0x000000070a800000, 0x000000070a800000| Untracked 
|  50|0x000000070aa00000, 0x000000070aa00000, 0x000000070ac00000|  0%| F|  |TAMS 0x000000070aa00000, 0x000000070aa00000| Untracked 
|  51|0x000000070ac00000, 0x000000070ac00000, 0x000000070ae00000|  0%| F|  |TAMS 0x000000070ac00000, 0x000000070ac00000| Untracked 
|  52|0x000000070ae00000, 0x000000070ae00000, 0x000000070b000000|  0%| F|  |TAMS 0x000000070ae00000, 0x000000070ae00000| Untracked 
|  53|0x000000070b000000, 0x000000070b000000, 0x000000070b200000|  0%| F|  |TAMS 0x000000070b000000, 0x000000070b000000| Untracked 
|  54|0x000000070b200000, 0x000000070b200000, 0x000000070b400000|  0%| F|  |TAMS 0x000000070b200000, 0x000000070b200000| Untracked 
|  55|0x000000070b400000, 0x000000070b400000, 0x000000070b600000|  0%| F|  |TAMS 0x000000070b400000, 0x000000070b400000| Untracked 
|  56|0x000000070b600000, 0x000000070b600000, 0x000000070b800000|  0%| F|  |TAMS 0x000000070b600000, 0x000000070b600000| Untracked 
|  57|0x000000070b800000, 0x000000070b800000, 0x000000070ba00000|  0%| F|  |TAMS 0x000000070b800000, 0x000000070b800000| Untracked 
|  58|0x000000070ba00000, 0x000000070ba00000, 0x000000070bc00000|  0%| F|  |TAMS 0x000000070ba00000, 0x000000070ba00000| Untracked 
|  59|0x000000070bc00000, 0x000000070bc00000, 0x000000070be00000|  0%| F|  |TAMS 0x000000070bc00000, 0x000000070bc00000| Untracked 
|  60|0x000000070be00000, 0x000000070be00000, 0x000000070c000000|  0%| F|  |TAMS 0x000000070be00000, 0x000000070be00000| Untracked 
|  61|0x000000070c000000, 0x000000070c000000, 0x000000070c200000|  0%| F|  |TAMS 0x000000070c000000, 0x000000070c000000| Untracked 
|  62|0x000000070c200000, 0x000000070c200000, 0x000000070c400000|  0%| F|  |TAMS 0x000000070c200000, 0x000000070c200000| Untracked 
|  63|0x000000070c400000, 0x000000070c400000, 0x000000070c600000|  0%| F|  |TAMS 0x000000070c400000, 0x000000070c400000| Untracked 
|  64|0x000000070c600000, 0x000000070c600000, 0x000000070c800000|  0%| F|  |TAMS 0x000000070c600000, 0x000000070c600000| Untracked 
|  65|0x000000070c800000, 0x000000070c800000, 0x000000070ca00000|  0%| F|  |TAMS 0x000000070c800000, 0x000000070c800000| Untracked 
|  66|0x000000070ca00000, 0x000000070ca00000, 0x000000070cc00000|  0%| F|  |TAMS 0x000000070ca00000, 0x000000070ca00000| Untracked 
|  67|0x000000070cc00000, 0x000000070cc00000, 0x000000070ce00000|  0%| F|  |TAMS 0x000000070cc00000, 0x000000070cc00000| Untracked 
|  68|0x000000070ce00000, 0x000000070ce00000, 0x000000070d000000|  0%| F|  |TAMS 0x000000070ce00000, 0x000000070ce00000| Untracked 
|  69|0x000000070d000000, 0x000000070d000000, 0x000000070d200000|  0%| F|  |TAMS 0x000000070d000000, 0x000000070d000000| Untracked 
|  70|0x000000070d200000, 0x000000070d200000, 0x000000070d400000|  0%| F|  |TAMS 0x000000070d200000, 0x000000070d200000| Untracked 
|  71|0x000000070d400000, 0x000000070d400000, 0x000000070d600000|  0%| F|  |TAMS 0x000000070d400000, 0x000000070d400000| Untracked 
|  72|0x000000070d600000, 0x000000070d600000, 0x000000070d800000|  0%| F|  |TAMS 0x000000070d600000, 0x000000070d600000| Untracked 
|  73|0x000000070d800000, 0x000000070d800000, 0x000000070da00000|  0%| F|  |TAMS 0x000000070d800000, 0x000000070d800000| Untracked 
|  74|0x000000070da00000, 0x000000070da00000, 0x000000070dc00000|  0%| F|  |TAMS 0x000000070da00000, 0x000000070da00000| Untracked 
|  75|0x000000070dc00000, 0x000000070dc00000, 0x000000070de00000|  0%| F|  |TAMS 0x000000070dc00000, 0x000000070dc00000| Untracked 
|  76|0x000000070de00000, 0x000000070de00000, 0x000000070e000000|  0%| F|  |TAMS 0x000000070de00000, 0x000000070de00000| Untracked 
|  77|0x000000070e000000, 0x000000070e000000, 0x000000070e200000|  0%| F|  |TAMS 0x000000070e000000, 0x000000070e000000| Untracked 
|  78|0x000000070e200000, 0x000000070e200000, 0x000000070e400000|  0%| F|  |TAMS 0x000000070e200000, 0x000000070e200000| Untracked 
|  79|0x000000070e400000, 0x000000070e400000, 0x000000070e600000|  0%| F|  |TAMS 0x000000070e400000, 0x000000070e400000| Untracked 
|  80|0x000000070e600000, 0x000000070e600000, 0x000000070e800000|  0%| F|  |TAMS 0x000000070e600000, 0x000000070e600000| Untracked 
|  81|0x000000070e800000, 0x000000070e800000, 0x000000070ea00000|  0%| F|  |TAMS 0x000000070e800000, 0x000000070e800000| Untracked 
|  82|0x000000070ea00000, 0x000000070ea00000, 0x000000070ec00000|  0%| F|  |TAMS 0x000000070ea00000, 0x000000070ea00000| Untracked 
|  83|0x000000070ec00000, 0x000000070ec00000, 0x000000070ee00000|  0%| F|  |TAMS 0x000000070ec00000, 0x000000070ec00000| Untracked 
|  84|0x000000070ee00000, 0x000000070ee00000, 0x000000070f000000|  0%| F|  |TAMS 0x000000070ee00000, 0x000000070ee00000| Untracked 
|  85|0x000000070f000000, 0x000000070f000000, 0x000000070f200000|  0%| F|  |TAMS 0x000000070f000000, 0x000000070f000000| Untracked 
|  86|0x000000070f200000, 0x000000070f200000, 0x000000070f400000|  0%| F|  |TAMS 0x000000070f200000, 0x000000070f200000| Untracked 
|  87|0x000000070f400000, 0x000000070f400000, 0x000000070f600000|  0%| F|  |TAMS 0x000000070f400000, 0x000000070f400000| Untracked 
|  88|0x000000070f600000, 0x000000070f600000, 0x000000070f800000|  0%| F|  |TAMS 0x000000070f600000, 0x000000070f600000| Untracked 
|  89|0x000000070f800000, 0x000000070f800000, 0x000000070fa00000|  0%| F|  |TAMS 0x000000070f800000, 0x000000070f800000| Untracked 
|  90|0x000000070fa00000, 0x000000070fa00000, 0x000000070fc00000|  0%| F|  |TAMS 0x000000070fa00000, 0x000000070fa00000| Untracked 
|  91|0x000000070fc00000, 0x000000070fc00000, 0x000000070fe00000|  0%| F|  |TAMS 0x000000070fc00000, 0x000000070fc00000| Untracked 
|  92|0x000000070fe00000, 0x000000070fe00000, 0x0000000710000000|  0%| F|  |TAMS 0x000000070fe00000, 0x000000070fe00000| Untracked 
|  93|0x0000000710000000, 0x0000000710000000, 0x0000000710200000|  0%| F|  |TAMS 0x0000000710000000, 0x0000000710000000| Untracked 
|  94|0x0000000710200000, 0x0000000710200000, 0x0000000710400000|  0%| F|  |TAMS 0x0000000710200000, 0x0000000710200000| Untracked 
|  95|0x0000000710400000, 0x0000000710400000, 0x0000000710600000|  0%| F|  |TAMS 0x0000000710400000, 0x0000000710400000| Untracked 
|  96|0x0000000710600000, 0x0000000710600000, 0x0000000710800000|  0%| F|  |TAMS 0x0000000710600000, 0x0000000710600000| Untracked 
|  97|0x0000000710800000, 0x0000000710800000, 0x0000000710a00000|  0%| F|  |TAMS 0x0000000710800000, 0x0000000710800000| Untracked 
|  98|0x0000000710a00000, 0x0000000710a00000, 0x0000000710c00000|  0%| F|  |TAMS 0x0000000710a00000, 0x0000000710a00000| Untracked 
|  99|0x0000000710c00000, 0x0000000710c00000, 0x0000000710e00000|  0%| F|  |TAMS 0x0000000710c00000, 0x0000000710c00000| Untracked 
| 100|0x0000000710e00000, 0x0000000710e00000, 0x0000000711000000|  0%| F|  |TAMS 0x0000000710e00000, 0x0000000710e00000| Untracked 
| 101|0x0000000711000000, 0x0000000711000000, 0x0000000711200000|  0%| F|  |TAMS 0x0000000711000000, 0x0000000711000000| Untracked 
| 102|0x0000000711200000, 0x0000000711200000, 0x0000000711400000|  0%| F|  |TAMS 0x0000000711200000, 0x0000000711200000| Untracked 
| 103|0x0000000711400000, 0x0000000711400000, 0x0000000711600000|  0%| F|  |TAMS 0x0000000711400000, 0x0000000711400000| Untracked 
| 104|0x0000000711600000, 0x0000000711600000, 0x0000000711800000|  0%| F|  |TAMS 0x0000000711600000, 0x0000000711600000| Untracked 
| 105|0x0000000711800000, 0x0000000711800000, 0x0000000711a00000|  0%| F|  |TAMS 0x0000000711800000, 0x0000000711800000| Untracked 
| 106|0x0000000711a00000, 0x0000000711a00000, 0x0000000711c00000|  0%| F|  |TAMS 0x0000000711a00000, 0x0000000711a00000| Untracked 
| 107|0x0000000711c00000, 0x0000000711c00000, 0x0000000711e00000|  0%| F|  |TAMS 0x0000000711c00000, 0x0000000711c00000| Untracked 
| 108|0x0000000711e00000, 0x0000000711e00000, 0x0000000712000000|  0%| F|  |TAMS 0x0000000711e00000, 0x0000000711e00000| Untracked 
| 109|0x0000000712000000, 0x0000000712000000, 0x0000000712200000|  0%| F|  |TAMS 0x0000000712000000, 0x0000000712000000| Untracked 
| 110|0x0000000712200000, 0x0000000712200000, 0x0000000712400000|  0%| F|  |TAMS 0x0000000712200000, 0x0000000712200000| Untracked 
| 111|0x0000000712400000, 0x00000007125e84e0, 0x0000000712600000| 95%| E|  |TAMS 0x0000000712400000, 0x0000000712400000| Complete 
| 112|0x0000000712600000, 0x0000000712800000, 0x0000000712800000|100%| E|CS|TAMS 0x0000000712600000, 0x0000000712600000| Complete 
| 113|0x0000000712800000, 0x0000000712867fe0, 0x0000000712a00000| 20%| S|CS|TAMS 0x0000000712800000, 0x0000000712800000| Complete 
| 114|0x0000000712a00000, 0x0000000712c00000, 0x0000000712c00000|100%| S|CS|TAMS 0x0000000712a00000, 0x0000000712a00000| Complete 
| 115|0x0000000712c00000, 0x0000000712e00000, 0x0000000712e00000|100%| E|CS|TAMS 0x0000000712c00000, 0x0000000712c00000| Complete 
| 116|0x0000000712e00000, 0x0000000713000000, 0x0000000713000000|100%| E|CS|TAMS 0x0000000712e00000, 0x0000000712e00000| Complete 
| 117|0x0000000713000000, 0x0000000713200000, 0x0000000713200000|100%| E|CS|TAMS 0x0000000713000000, 0x0000000713000000| Complete 
| 118|0x0000000713200000, 0x0000000713400000, 0x0000000713400000|100%| E|CS|TAMS 0x0000000713200000, 0x0000000713200000| Complete 
| 119|0x0000000713400000, 0x0000000713600000, 0x0000000713600000|100%| E|CS|TAMS 0x0000000713400000, 0x0000000713400000| Complete 
| 120|0x0000000713600000, 0x0000000713800000, 0x0000000713800000|100%| E|CS|TAMS 0x0000000713600000, 0x0000000713600000| Complete 
| 121|0x0000000713800000, 0x0000000713a00000, 0x0000000713a00000|100%| E|CS|TAMS 0x0000000713800000, 0x0000000713800000| Complete 
| 122|0x0000000713a00000, 0x0000000713c00000, 0x0000000713c00000|100%| E|CS|TAMS 0x0000000713a00000, 0x0000000713a00000| Complete 
| 123|0x0000000713c00000, 0x0000000713e00000, 0x0000000713e00000|100%| E|CS|TAMS 0x0000000713c00000, 0x0000000713c00000| Complete 
| 124|0x0000000713e00000, 0x0000000714000000, 0x0000000714000000|100%| E|CS|TAMS 0x0000000713e00000, 0x0000000713e00000| Complete 
| 125|0x0000000714000000, 0x0000000714200000, 0x0000000714200000|100%| E|CS|TAMS 0x0000000714000000, 0x0000000714000000| Complete 

Card table byte_map: [0x000001db66720000,0x000001db66f00000] _byte_map_base: 0x000001db62efd000

Marking Bits (Prev, Next): (CMBitMap*) 0x000001db5304d1e0, (CMBitMap*) 0x000001db5304d220
 Prev Bits: [0x000001db676e0000, 0x000001db6b5c8000)
 Next Bits: [0x000001db6b5d0000, 0x000001db6f4b8000)

Polling page: 0x000001db50fc0000

Metaspace:

Usage:
  Non-class:     13.39 MB used.
      Class:      1.50 MB used.
       Both:     14.88 MB used.

Virtual space:
  Non-class space:       16.00 MB reserved,      13.44 MB ( 84%) committed,  2 nodes.
      Class space:        1.00 GB reserved,       1.56 MB ( <1%) committed,  1 nodes.
             Both:        1.02 GB reserved,      15.00 MB (  1%) committed. 

Chunk freelists:
   Non-Class:  2.14 MB
       Class:  2.39 MB
        Both:  4.53 MB

MaxMetaspaceSize: unlimited
CompressedClassSpaceSize: 1.00 GB
Initial GC threshold: 21.00 MB
Current GC threshold: 21.00 MB
CDS: off
MetaspaceReclaimPolicy: balanced
 - commit_granule_bytes: 65536.
 - commit_granule_words: 8192.
 - virtual_space_node_default_size: 1048576.
 - enlarge_chunks_in_place: 1.
 - new_chunks_are_fully_committed: 0.
 - uncommit_free_chunks: 1.
 - use_allocation_guard: 0.
 - handle_deallocations: 1.


Internal statistics:

num_allocs_failed_limit: 0.
num_arena_births: 76.
num_arena_deaths: 0.
num_vsnodes_births: 3.
num_vsnodes_deaths: 0.
num_space_committed: 240.
num_space_uncommitted: 0.
num_chunks_returned_to_freelist: 0.
num_chunks_taken_from_freelist: 309.
num_chunk_merges: 0.
num_chunk_splits: 156.
num_chunks_enlarged: 95.
num_purges: 0.
num_inconsistent_stats: 0.

CodeHeap 'non-profiled nmethods': size=119168Kb used=682Kb max_used=682Kb free=118485Kb
 bounds [0x000001db5e240000, 0x000001db5e4b0000, 0x000001db656a0000]
CodeHeap 'profiled nmethods': size=119104Kb used=3459Kb max_used=3459Kb free=115644Kb
 bounds [0x000001db56df0000, 0x000001db57160000, 0x000001db5e240000]
CodeHeap 'non-nmethods': size=7488Kb used=1238Kb max_used=2403Kb free=6249Kb
 bounds [0x000001db566a0000, 0x000001db56910000, 0x000001db56df0000]
 total_blobs=2004 nmethods=1556 adapters=361
 compilation: enabled
              stopped_count=0, restarted_count=0
 full_count=0

Compilation events (20 events):
Event: 23854.224 Thread 0x000001db7309e020 1550 %     4       org.eclipse.jdt.launching.internal.org.objectweb.asm.ClassReader::<init> @ 110 (371 bytes)
Event: 23854.231 Thread 0x000001db7309e020 

Event: 23854.231 Thread 0x000001db7309e020 1551 %     4       org.eclipse.jdt.launching.internal.org.objectweb.asm.SymbolTable::<init> @ 98 (536 bytes)
Event: 23854.348 Thread 0x000001db7309e020 nmethod 1551% 0x000001db5e2ccc90 code [0x000001db5e2cd0c0, 0x000001db5e2d5df0]
Event: 57084.228 Thread 0x000001db7309e020 1552       4       org.eclipse.jdt.launching.internal.org.objectweb.asm.SymbolTable::addConstantUtf8Reference (20 bytes)
Event: 57084.241 Thread 0x000001db7309e020 

Event: 57302.539 Thread 0x000001db7309e020 1553       4       org.eclipse.jdt.launching.internal.org.objectweb.asm.ClassReader::getFirstAttributeOffset (136 bytes)
Event: 57302.547 Thread 0x000001db7309e020 

Event: 57402.455 Thread 0x000001db7309e020 1554       4       org.eclipse.jdt.launching.internal.org.objectweb.asm.ByteVector::putByteArray (49 bytes)
Event: 57402.456 Thread 0x000001db7309e020 nmethod 1554 0x000001db5e2da710 code [0x000001db5e2da880, 0x000001db5e2daa38]
Event: 72914.720 Thread 0x000001db7309e020 1556 %     4       org.eclipse.jdt.launching.internal.org.objectweb.asm.ClassReader::<init> @ 110 (371 bytes)
Event: 72914.726 Thread 0x000001db7309e020 nmethod 1556% 0x000001db5e2daf90 code [0x000001db5e2db140, 0x000001db5e2db748]
Event: 72914.726 Thread 0x000001db7309e020 1557       4       org.eclipse.jdt.launching.internal.org.objectweb.asm.SymbolTable::<init> (536 bytes)
Event: 72914.852 Thread 0x000001db7309e020 nmethod 1557 0x000001db5e2dba90 code [0x000001db5e2dbee0, 0x000001db5e2e5370]
Event: 108624.356 Thread 0x000001db730a0950 1558   !   3       java.lang.ref.ReferenceQueue::remove (125 bytes)
Event: 108624.357 Thread 0x000001db730a0950 nmethod 1558 0x000001db5714f710 code [0x000001db5714f940, 0x000001db57150198]
Event: 161562.159 Thread 0x000001db730a0950 1559   !   3       jdk.internal.ref.PhantomCleanable::isListEmpty (34 bytes)
Event: 161562.160 Thread 0x000001db730a0950 nmethod 1559 0x000001db57150510 code [0x000001db571506c0, 0x000001db57150938]
Event: 161562.160 Thread 0x000001db730a0950 1560       3       jdk.internal.misc.InnocuousThread::eraseThreadLocals (23 bytes)
Event: 161562.161 Thread 0x000001db730a0950 nmethod 1560 0x000001db57150a90 code [0x000001db57150c20, 0x000001db57150e18]

GC Heap History (2 events):
Event: 0.575 GC heap before
{Heap before GC invocations=0 (full 0):
 garbage-first heap   total 258048K, used 22528K [0x0000000704600000, 0x0000000800000000)
  region size 2048K, 11 young (22528K), 0 survivors (0K)
 Metaspace       used 11902K, committed 12032K, reserved 1064960K
  class space    used 1071K, committed 1152K, reserved 1048576K
}
Event: 0.577 GC heap after
{Heap after GC invocations=1 (full 0):
 garbage-first heap   total 258048K, used 2463K [0x0000000704600000, 0x0000000800000000)
  region size 2048K, 2 young (4096K), 2 survivors (4096K)
 Metaspace       used 11902K, committed 12032K, reserved 1064960K
  class space    used 1071K, committed 1152K, reserved 1048576K
}

Deoptimization events (20 events):
Event: 0.749 Thread 0x000001db52fe2180 DEOPT PACKING pc=0x000001db56ea6c7b sp=0x000000367aefa1d0
Event: 0.749 Thread 0x000001db52fe2180 DEOPT UNPACKING pc=0x000001db566f6763 sp=0x000000367aef96f8 mode 0
Event: 0.749 Thread 0x000001db52fe2180 Uncommon trap: trap_request=0xffffffde fr.pc=0x000001db5e2c2848 relative=0x0000000000000128
Event: 0.749 Thread 0x000001db52fe2180 Uncommon trap: reason=class_check action=maybe_recompile pc=0x000001db5e2c2848 method=jdk.internal.misc.Unsafe.allocateUninitializedArray(Ljava/lang/Class;I)Ljava/lang/Object; @ 51 c2
Event: 0.749 Thread 0x000001db52fe2180 DEOPT PACKING pc=0x000001db5e2c2848 sp=0x000000367aef9ed0
Event: 0.749 Thread 0x000001db52fe2180 DEOPT UNPACKING pc=0x000001db566f5c23 sp=0x000000367aef9e58 mode 2
Event: 0.749 Thread 0x000001db52fe2180 Uncommon trap: trap_request=0xffffffde fr.pc=0x000001db5e2c2848 relative=0x0000000000000128
Event: 0.749 Thread 0x000001db52fe2180 Uncommon trap: reason=class_check action=maybe_recompile pc=0x000001db5e2c2848 method=jdk.internal.misc.Unsafe.allocateUninitializedArray(Ljava/lang/Class;I)Ljava/lang/Object; @ 51 c2
Event: 0.749 Thread 0x000001db52fe2180 DEOPT PACKING pc=0x000001db5e2c2848 sp=0x000000367aef9f80
Event: 0.749 Thread 0x000001db52fe2180 DEOPT UNPACKING pc=0x000001db566f5c23 sp=0x000000367aef9f08 mode 2
Event: 0.749 Thread 0x000001db52fe2180 Uncommon trap: trap_request=0xffffffde fr.pc=0x000001db5e2c2848 relative=0x0000000000000128
Event: 0.749 Thread 0x000001db52fe2180 Uncommon trap: reason=class_check action=maybe_recompile pc=0x000001db5e2c2848 method=jdk.internal.misc.Unsafe.allocateUninitializedArray(Ljava/lang/Class;I)Ljava/lang/Object; @ 51 c2
Event: 0.749 Thread 0x000001db52fe2180 DEOPT PACKING pc=0x000001db5e2c2848 sp=0x000000367aefde00
Event: 0.749 Thread 0x000001db52fe2180 DEOPT UNPACKING pc=0x000001db566f5c23 sp=0x000000367aefdd88 mode 2
Event: 0.749 Thread 0x000001db52fe2180 Uncommon trap: trap_request=0xffffffde fr.pc=0x000001db5e2c2848 relative=0x0000000000000128
Event: 0.749 Thread 0x000001db52fe2180 Uncommon trap: reason=class_check action=maybe_recompile pc=0x000001db5e2c2848 method=jdk.internal.misc.Unsafe.allocateUninitializedArray(Ljava/lang/Class;I)Ljava/lang/Object; @ 51 c2
Event: 0.750 Thread 0x000001db52fe2180 DEOPT PACKING pc=0x000001db5e2c2848 sp=0x000000367aefdeb0
Event: 0.750 Thread 0x000001db52fe2180 DEOPT UNPACKING pc=0x000001db566f5c23 sp=0x000000367aefde38 mode 2
Event: 72914.720 Thread 0x000001db73351c30 DEOPT PACKING pc=0x000001db56fd3819 sp=0x000000367c1fdf20
Event: 72914.720 Thread 0x000001db73351c30 DEOPT UNPACKING pc=0x000001db566f6763 sp=0x000000367c1fd4d0 mode 0

Classes unloaded (0 events):
No events

Classes redefined (20 events):
Event: 57084.230 Thread 0x000001db730373a0 redefined class name=assignment03.SimplePriorityQueue, count=44
Event: 57101.068 Thread 0x000001db730373a0 redefined class name=assignment03.SimplePriorityQueue, count=45
Event: 57114.654 Thread 0x000001db730373a0 redefined class name=assignment03.SimplePriorityQueue, count=46
Event: 57169.065 Thread 0x000001db730373a0 redefined class name=assignment03.SimplePriorityQueue, count=47
Event: 57174.958 Thread 0x000001db730373a0 redefined class name=assignment03.SimplePriorityQueue, count=48
Event: 57216.877 Thread 0x000001db730373a0 redefined class name=assignment03.SimplePriorityQueue, count=49
Event: 57260.467 Thread 0x000001db730373a0 redefined class name=assignment03.SimplePriorityQueue, count=50
Event: 57300.516 Thread 0x000001db730373a0 redefined class name=assignment03.SimplePriorityQueue, count=51
Event: 57302.541 Thread 0x000001db730373a0 redefined class name=assignment03.SimplePriorityQueue, count=52
Event: 57308.407 Thread 0x000001db730373a0 redefined class name=assignment03.SimplePriorityQueue, count=53
Event: 57332.963 Thread 0x000001db730373a0 redefined class name=assignment03.SimplePriorityQueue, count=54
Event: 57454.581 Thread 0x000001db730373a0 redefined class name=assignment03.SimplePriorityQueue, count=55
Event: 72795.958 Thread 0x000001db730373a0 redefined class name=assignment03.SimplePriorityQueue, count=56
Event: 74530.558 Thread 0x000001db730373a0 redefined class name=assignment03.SimplePriorityQueue, count=57
Event: 74632.149 Thread 0x000001db730373a0 redefined class name=assignment03.SimplePriorityQueue, count=58
Event: 74638.595 Thread 0x000001db730373a0 redefined class name=assignment03.SimplePriorityQueue, count=59
Event: 164814.314 Thread 0x000001db730373a0 redefined class name=assignment03.SimplePriorityQueue, count=60
Event: 164826.564 Thread 0x000001db730373a0 redefined class name=assignment03.SimplePriorityQueue, count=61
Event: 164836.633 Thread 0x000001db730373a0 redefined class name=assignment03.SimplePriorityQueue, count=62
Event: 164840.019 Thread 0x000001db730373a0 redefined class name=assignment03.SimplePriorityQueue, count=63

Internal exceptions (20 events):
Event: 0.564 Thread 0x000001db52fe2180 Exception <a 'java/lang/NoSuchMethodError'{0x0000000712ca6700}: 'int java.lang.invoke.DirectMethodHandle$Holder.invokeSpecial(java.lang.Object, java.lang.Object, java.lang.Object)'> (0x0000000712ca6700) 
thrown [s\src\hotspot\share\interpreter\linkResolver.cpp, line 759]
Event: 0.572 Thread 0x000001db52fe2180 Exception <a 'java/lang/NoSuchMethodError'{0x0000000712dbdb28}: 'void java.lang.invoke.DirectMethodHandle$Holder.invokeInterface(java.lang.Object, java.lang.Object)'> (0x0000000712dbdb28) 
thrown [s\src\hotspot\share\interpreter\linkResolver.cpp, line 759]
Event: 0.572 Thread 0x000001db52fe2180 Exception <a 'java/lang/IncompatibleClassChangeError'{0x0000000712dc10b8}: Found class java.lang.Object, but interface was expected> (0x0000000712dc10b8) 
thrown [s\src\hotspot\share\interpreter\linkResolver.cpp, line 826]
Event: 0.580 Thread 0x000001db52fe2180 Exception <a 'java/lang/NoSuchMethodError'{0x0000000714049cc8}: 'void java.lang.invoke.DirectMethodHandle$Holder.invokeInterface(java.lang.Object, java.lang.Object, java.lang.Object)'> (0x0000000714049cc8) 
thrown [s\src\hotspot\share\interpreter\linkResolver.cpp, line 759]
Event: 0.580 Thread 0x000001db52fe2180 Exception <a 'java/lang/IncompatibleClassChangeError'{0x000000071404d330}: Found class java.lang.Object, but interface was expected> (0x000000071404d330) 
thrown [s\src\hotspot\share\interpreter\linkResolver.cpp, line 826]
Event: 0.616 Thread 0x000001db52fe2180 Exception <a 'java/lang/NoSuchMethodError'{0x0000000713a8b810}: 'java.lang.Object java.lang.invoke.DirectMethodHandle$Holder.invokeStaticInit(java.lang.Object, java.lang.Object, java.lang.Object)'> (0x0000000713a8b810) 
thrown [s\src\hotspot\share\interpreter\linkResolver.cpp, line 759]
Event: 0.616 Thread 0x000001db52fe2180 Exception <a 'java/lang/NoSuchMethodError'{0x0000000713a92c80}: 'void java.lang.invoke.DirectMethodHandle$Holder.invokeStaticInit(java.lang.Object, java.lang.Object, java.lang.Object)'> (0x0000000713a92c80) 
thrown [s\src\hotspot\share\interpreter\linkResolver.cpp, line 759]
Event: 0.649 Thread 0x000001db52fe2180 Exception <a 'java/lang/NoSuchMethodError'{0x0000000713668c38}: 'java.lang.Object java.lang.invoke.DirectMethodHandle$Holder.invokeInterface(java.lang.Object, java.lang.Object)'> (0x0000000713668c38) 
thrown [s\src\hotspot\share\interpreter\linkResolver.cpp, line 759]
Event: 0.649 Thread 0x000001db52fe2180 Exception <a 'java/lang/IncompatibleClassChangeError'{0x000000071366c6d8}: Found class java.lang.Object, but interface was expected> (0x000000071366c6d8) 
thrown [s\src\hotspot\share\interpreter\linkResolver.cpp, line 826]
Event: 0.658 Thread 0x000001db52fe2180 Exception <a 'java/lang/NoSuchMethodError'{0x000000071371d868}: 'java.lang.Object java.lang.invoke.DirectMethodHandle$Holder.newInvokeSpecial(java.lang.Object, java.lang.Object, java.lang.Object, java.lang.Object, java.lang.Object)'> (0x000000071371d868) 
thrown [s\src\hotspot\share\interpreter\linkResolver.cpp, line 759]
Event: 0.669 Thread 0x000001db52fe2180 Exception <a 'java/lang/NoSuchMethodError'{0x0000000713418468}: 'void java.lang.invoke.DirectMethodHandle$Holder.invokeStatic(java.lang.Object, java.lang.Object, java.lang.Object, java.lang.Object)'> (0x0000000713418468) 
thrown [s\src\hotspot\share\interpreter\linkResolver.cpp, line 759]
Event: 0.673 Thread 0x000001db52fe2180 Exception <a 'java/lang/NoSuchMethodError'{0x000000071348f598}: 'java.lang.Object java.lang.invoke.DirectMethodHandle$Holder.invokeSpecialIFC(java.lang.Object, java.lang.Object, java.lang.Object, java.lang.Object)'> (0x000000071348f598) 
thrown [s\src\hotspot\share\interpreter\linkResolver.cpp, line 759]
Event: 0.679 Thread 0x000001db52fe2180 Exception <a 'java/lang/NoSuchMethodError'{0x00000007134f7018}: 'int java.lang.invoke.DirectMethodHandle$Holder.invokeStatic(java.lang.Object, java.lang.Object, java.lang.Object, java.lang.Object)'> (0x00000007134f7018) 
thrown [s\src\hotspot\share\interpreter\linkResolver.cpp, line 759]
Event: 0.685 Thread 0x000001db52fe2180 Exception <a 'java/lang/NoSuchMethodError'{0x000000071356f110}: 'void java.lang.invoke.DirectMethodHandle$Holder.invokeSpecial(java.lang.Object, java.lang.Object, java.lang.Object, java.lang.Object, java.lang.Object)'> (0x000000071356f110) 
thrown [s\src\hotspot\share\interpreter\linkResolver.cpp, line 759]
Event: 0.699 Thread 0x000001db52fe2180 Exception <a 'java/lang/NoSuchMethodError'{0x00000007132866b8}: 'void java.lang.invoke.DirectMethodHandle$Holder.invokeInterface(java.lang.Object, java.lang.Object, java.lang.Object, java.lang.Object)'> (0x00000007132866b8) 
thrown [s\src\hotspot\share\interpreter\linkResolver.cpp, line 759]
Event: 0.699 Thread 0x000001db52fe2180 Exception <a 'java/lang/IncompatibleClassChangeError'{0x0000000713289b40}: Found class java.lang.Object, but interface was expected> (0x0000000713289b40) 
thrown [s\src\hotspot\share\interpreter\linkResolver.cpp, line 826]
Event: 0.710 Thread 0x000001db52fe2180 Exception <a 'java/lang/NoSuchMethodError'{0x000000071338e380}: 'java.lang.Object java.lang.invoke.Invokers$Holder.invokeExact_MT(java.lang.Object, java.lang.Object, java.lang.Object, java.lang.Object, java.lang.Object, java.lang.Object)'> (0x000000071338e380) 
thrown [s\src\hotspot\share\interpreter\linkResolver.cpp, line 759]
Event: 0.711 Thread 0x000001db52fe2180 Exception <a 'java/lang/NoSuchMethodError'{0x000000071339eb30}: 'int java.lang.invoke.DirectMethodHandle$Holder.invokeStatic(java.lang.Object, java.lang.Object, java.lang.Object, java.lang.Object, java.lang.Object)'> (0x000000071339eb30) 
thrown [s\src\hotspot\share\interpreter\linkResolver.cpp, line 759]
Event: 0.715 Thread 0x000001db52fe2180 Exception <a 'java/lang/NoSuchMethodError'{0x0000000713016f70}: 'void java.lang.invoke.DirectMethodHandle$Holder.invokeStaticInit(java.lang.Object)'> (0x0000000713016f70) 
thrown [s\src\hotspot\share\interpreter\linkResolver.cpp, line 759]
Event: 0.757 Thread 0x000001db52fe2180 Exception <a 'java/lang/NoSuchMethodError'{0x0000000712c54340}: 'int java.lang.invoke.DirectMethodHandle$Holder.invokeSpecial(java.lang.Object, java.lang.Object, java.lang.Object, java.lang.Object)'> (0x0000000712c54340) 
thrown [s\src\hotspot\share\interpreter\linkResolver.cpp, line 759]

VM Operations (20 events):
Event: 74638.593 Executing VM operation: RedefineClasses
Event: 74638.597 Executing VM operation: RedefineClasses done
Event: 74638.608 Executing VM operation: ChangeBreakpoints
Event: 74638.609 Executing VM operation: ChangeBreakpoints done
Event: 164814.310 Executing VM operation: RedefineClasses
Event: 164814.318 Executing VM operation: RedefineClasses done
Event: 164814.322 Executing VM operation: ChangeBreakpoints
Event: 164814.323 Executing VM operation: ChangeBreakpoints done
Event: 164826.562 Executing VM operation: RedefineClasses
Event: 164826.566 Executing VM operation: RedefineClasses done
Event: 164826.569 Executing VM operation: ChangeBreakpoints
Event: 164826.569 Executing VM operation: ChangeBreakpoints done
Event: 164836.631 Executing VM operation: RedefineClasses
Event: 164836.635 Executing VM operation: RedefineClasses done
Event: 164836.638 Executing VM operation: ChangeBreakpoints
Event: 164836.638 Executing VM operation: ChangeBreakpoints done
Event: 164840.017 Executing VM operation: RedefineClasses
Event: 164840.021 Executing VM operation: RedefineClasses done
Event: 164840.024 Executing VM operation: ChangeBreakpoints
Event: 164840.025 Executing VM operation: ChangeBreakpoints done

Events (20 events):
Event: 0.743 loading class java/util/concurrent/ForkJoinTask done
Event: 0.743 loading class java/util/concurrent/CompletableFuture$Completion done
Event: 0.746 loading class java/lang/ThreadLocal$SuppliedThreadLocal
Event: 0.746 loading class java/lang/ThreadLocal$SuppliedThreadLocal done
Event: 0.746 loading class java/util/stream/Streams$ConcatSpliterator$OfRef
Event: 0.746 loading class java/util/stream/Streams$ConcatSpliterator
Event: 0.746 loading class java/util/stream/Streams$ConcatSpliterator done
Event: 0.746 loading class java/util/stream/Streams$ConcatSpliterator$OfRef done
Event: 0.746 loading class java/util/stream/Streams$2
Event: 0.746 loading class java/util/stream/Streams$2 done
Event: 0.758 loading class sun/nio/ch/IOStatus
Event: 0.758 loading class sun/nio/ch/IOStatus done
Event: 0.758 loading class java/lang/reflect/InvocationTargetException
Event: 0.758 loading class java/lang/reflect/InvocationTargetException done
Event: 0.759 loading class java/util/NoSuchElementException
Event: 0.759 loading class java/util/NoSuchElementException done
Event: 5.757 Thread 0x000001db73bc6540 Thread exited: 0x000001db73bc6540
Event: 5.757 Thread 0x000001db73254130 Thread exited: 0x000001db73254130
Event: 5.757 Thread 0x000001db73245740 Thread exited: 0x000001db73245740
Event: 10.763 Thread 0x000001db73906a20 Thread exited: 0x000001db73906a20


Dynamic libraries:
0x00007ff631c40000 - 0x00007ff631c4e000 	C:\Users\evall\.p2\pool\plugins\org.eclipse.justj.openjdk.hotspot.jre.full.win32.x86_64_17.0.4.v20220805-1047\jre\bin\javaw.exe
0x00007ffa63af0000 - 0x00007ffa63d04000 	C:\WINDOWS\SYSTEM32\ntdll.dll
0x00007ffa63050000 - 0x00007ffa63112000 	C:\WINDOWS\System32\KERNEL32.DLL
0x00007ffa614e0000 - 0x00007ffa6187c000 	C:\WINDOWS\System32\KERNELBASE.dll
0x00007ffa61160000 - 0x00007ffa61271000 	C:\WINDOWS\System32\ucrtbase.dll
0x00007ffa5b370000 - 0x00007ffa5b389000 	C:\Users\evall\.p2\pool\plugins\org.eclipse.justj.openjdk.hotspot.jre.full.win32.x86_64_17.0.4.v20220805-1047\jre\bin\VCRUNTIME140.dll
0x00007ffa5b3f0000 - 0x00007ffa5b408000 	C:\Users\evall\.p2\pool\plugins\org.eclipse.justj.openjdk.hotspot.jre.full.win32.x86_64_17.0.4.v20220805-1047\jre\bin\jli.dll
0x00007ffa62c20000 - 0x00007ffa62dcb000 	C:\WINDOWS\System32\USER32.dll
0x00007ffa614b0000 - 0x00007ffa614d6000 	C:\WINDOWS\System32\win32u.dll
0x00007ffa62600000 - 0x00007ffa62629000 	C:\WINDOWS\System32\GDI32.dll
0x00007ffa60f30000 - 0x00007ffa61043000 	C:\WINDOWS\System32\gdi32full.dll
0x00007ffa3b8d0000 - 0x00007ffa3bb5e000 	C:\WINDOWS\WinSxS\amd64_microsoft.windows.common-controls_6595b64144ccf1df_6.0.22621.608_none_a9444ca7c10bb01d\COMCTL32.dll
0x00007ffa610c0000 - 0x00007ffa6115a000 	C:\WINDOWS\System32\msvcp_win.dll
0x00007ffa62900000 - 0x00007ffa629a7000 	C:\WINDOWS\System32\msvcrt.dll
0x00007ffa629b0000 - 0x00007ffa629e1000 	C:\WINDOWS\System32\IMM32.DLL
0x00007ffa5d960000 - 0x00007ffa5d96c000 	C:\Users\evall\.p2\pool\plugins\org.eclipse.justj.openjdk.hotspot.jre.full.win32.x86_64_17.0.4.v20220805-1047\jre\bin\vcruntime140_1.dll
0x00007ffa0f2f0000 - 0x00007ffa0f381000 	C:\Users\evall\.p2\pool\plugins\org.eclipse.justj.openjdk.hotspot.jre.full.win32.x86_64_17.0.4.v20220805-1047\jre\bin\msvcp140.dll
0x00007ff9f4e70000 - 0x00007ff9f5ab6000 	C:\Users\evall\.p2\pool\plugins\org.eclipse.justj.openjdk.hotspot.jre.full.win32.x86_64_17.0.4.v20220805-1047\jre\bin\server\jvm.dll
0x00007ffa62630000 - 0x00007ffa626de000 	C:\WINDOWS\System32\ADVAPI32.dll
0x00007ffa63120000 - 0x00007ffa631c4000 	C:\WINDOWS\System32\sechost.dll
0x00007ffa626e0000 - 0x00007ffa627f7000 	C:\WINDOWS\System32\RPCRT4.dll
0x00007ffa62dd0000 - 0x00007ffa62dd8000 	C:\WINDOWS\System32\PSAPI.DLL
0x00007ffa5db00000 - 0x00007ffa5db09000 	C:\WINDOWS\SYSTEM32\WSOCK32.dll
0x00007ffa51ba0000 - 0x00007ffa51baa000 	C:\WINDOWS\SYSTEM32\VERSION.dll
0x00007ffa5e1e0000 - 0x00007ffa5e214000 	C:\WINDOWS\SYSTEM32\WINMM.dll
0x00007ffa631d0000 - 0x00007ffa63241000 	C:\WINDOWS\System32\WS2_32.dll
0x00007ffa5ff80000 - 0x00007ffa5ff98000 	C:\WINDOWS\SYSTEM32\kernel.appcore.dll
0x00007ffa5daa0000 - 0x00007ffa5daaa000 	C:\Users\evall\.p2\pool\plugins\org.eclipse.justj.openjdk.hotspot.jre.full.win32.x86_64_17.0.4.v20220805-1047\jre\bin\jimage.dll
0x00007ffa5e8d0000 - 0x00007ffa5eafe000 	C:\WINDOWS\SYSTEM32\DBGHELP.DLL
0x00007ffa61d80000 - 0x00007ffa62109000 	C:\WINDOWS\System32\combase.dll
0x00007ffa62810000 - 0x00007ffa628e7000 	C:\WINDOWS\System32\OLEAUT32.dll
0x00007ffa5e1a0000 - 0x00007ffa5e1d2000 	C:\WINDOWS\SYSTEM32\dbgcore.DLL
0x00007ffa61880000 - 0x00007ffa618fb000 	C:\WINDOWS\System32\bcryptPrimitives.dll
0x00007ffa5b180000 - 0x00007ffa5b1bb000 	C:\Users\evall\.p2\pool\plugins\org.eclipse.justj.openjdk.hotspot.jre.full.win32.x86_64_17.0.4.v20220805-1047\jre\bin\jdwp.dll
0x00007ffa5b3e0000 - 0x00007ffa5b3ee000 	C:\Users\evall\.p2\pool\plugins\org.eclipse.justj.openjdk.hotspot.jre.full.win32.x86_64_17.0.4.v20220805-1047\jre\bin\instrument.dll
0x00007ffa3bdc0000 - 0x00007ffa3bde5000 	C:\Users\evall\.p2\pool\plugins\org.eclipse.justj.openjdk.hotspot.jre.full.win32.x86_64_17.0.4.v20220805-1047\jre\bin\java.dll
0x00007ffa5b4a0000 - 0x00007ffa5b4b8000 	C:\Users\evall\.p2\pool\plugins\org.eclipse.justj.openjdk.hotspot.jre.full.win32.x86_64_17.0.4.v20220805-1047\jre\bin\zip.dll
0x00007ffa63250000 - 0x00007ffa63a40000 	C:\WINDOWS\System32\SHELL32.dll
0x00007ffa5ef40000 - 0x00007ffa5f80d000 	C:\WINDOWS\SYSTEM32\windows.storage.dll
0x00007ffa5ee00000 - 0x00007ffa5ef3e000 	C:\WINDOWS\SYSTEM32\wintypes.dll
0x00007ffa62e90000 - 0x00007ffa62f81000 	C:\WINDOWS\System32\SHCORE.dll
0x00007ffa62ff0000 - 0x00007ffa6304e000 	C:\WINDOWS\System32\shlwapi.dll
0x00007ffa60e60000 - 0x00007ffa60e81000 	C:\WINDOWS\SYSTEM32\profapi.dll
0x00007ffa5b110000 - 0x00007ffa5b11c000 	C:\Users\evall\.p2\pool\plugins\org.eclipse.justj.openjdk.hotspot.jre.full.win32.x86_64_17.0.4.v20220805-1047\jre\bin\dt_socket.dll
0x00007ffa5fa60000 - 0x00007ffa5fa8d000 	C:\WINDOWS\SYSTEM32\IPHLPAPI.DLL
0x00007ffa60450000 - 0x00007ffa604b9000 	C:\WINDOWS\system32\mswsock.dll
0x00007ffa5fad0000 - 0x00007ffa5fbc3000 	C:\WINDOWS\SYSTEM32\DNSAPI.dll
0x00007ffa628f0000 - 0x00007ffa628f9000 	C:\WINDOWS\System32\NSI.dll
0x00007ffa4ebe0000 - 0x00007ffa4ebea000 	C:\Windows\System32\rasadhlp.dll
0x00007ffa4eb20000 - 0x00007ffa4eba3000 	C:\WINDOWS\System32\fwpuclnt.dll
0x00007ffa3a270000 - 0x00007ffa3a289000 	C:\Users\evall\.p2\pool\plugins\org.eclipse.justj.openjdk.hotspot.jre.full.win32.x86_64_17.0.4.v20220805-1047\jre\bin\net.dll
0x00007ffa51a40000 - 0x00007ffa51b77000 	C:\WINDOWS\SYSTEM32\WINHTTP.dll
0x00007ffa38990000 - 0x00007ffa389a5000 	C:\Users\evall\.p2\pool\plugins\org.eclipse.justj.openjdk.hotspot.jre.full.win32.x86_64_17.0.4.v20220805-1047\jre\bin\nio.dll
0x00007ffa5da90000 - 0x00007ffa5daa0000 	C:\Users\evall\.p2\pool\plugins\org.eclipse.justj.openjdk.hotspot.jre.full.win32.x86_64_17.0.4.v20220805-1047\jre\bin\verify.dll
0x00007ffa4f200000 - 0x00007ffa4f219000 	C:\WINDOWS\SYSTEM32\dhcpcsvc6.DLL
0x00007ffa4f190000 - 0x00007ffa4f1af000 	C:\WINDOWS\SYSTEM32\dhcpcsvc.DLL

dbghelp: loaded successfully - version: 4.0.5 - missing functions: none
symbol engine: initialized successfully - sym options: 0x614 - pdb path: .;C:\Users\evall\.p2\pool\plugins\org.eclipse.justj.openjdk.hotspot.jre.full.win32.x86_64_17.0.4.v20220805-1047\jre\bin;C:\WINDOWS\SYSTEM32;C:\WINDOWS\WinSxS\amd64_microsoft.windows.common-controls_6595b64144ccf1df_6.0.22621.608_none_a9444ca7c10bb01d;C:\Users\evall\.p2\pool\plugins\org.eclipse.justj.openjdk.hotspot.jre.full.win32.x86_64_17.0.4.v20220805-1047\jre\bin\server

VM Arguments:
jvm_args: -XX:+ShowCodeDetailsInExceptionMessages -agentlib:jdwp=transport=dt_socket,suspend=y,address=localhost:50646 -ea -javaagent:C:\Users\evall\eclipse\java-2022-06\eclipse\configuration\org.eclipse.osgi\215\0\.cp\lib\javaagent-shaded.jar -Dfile.encoding=UTF-8 
java_command: org.eclipse.jdt.internal.junit.runner.RemoteTestRunner -version 3 -port 50645 -testLoaderClass org.eclipse.jdt.internal.junit5.runner.JUnit5TestLoader -loaderpluginname org.eclipse.jdt.junit5.runtime -test assignment03.PriorityQueueTester:testInsertWithSmallListOfItems -uniqueId [engine:junit-vintage]/[runner:assignment03.PriorityQueueTester]/[test:testInsertWithSmallListOfItems(assignment03.PriorityQueueTester)]
java_class_path (initial): C:\Users\evall\git\2420-Summer\2420-Summer-Project\bin;C:\Users\evall\.p2\pool\plugins\org.junit.jupiter.api_5.8.1.v20211018-1956.jar;C:\Users\evall\.p2\pool\plugins\org.junit.jupiter.engine_5.8.1.v20211018-1956.jar;C:\Users\evall\.p2\pool\plugins\org.junit.jupiter.migrationsupport_5.8.1.v20211018-1956.jar;C:\Users\evall\.p2\pool\plugins\org.junit.jupiter.params_5.8.1.v20211018-1956.jar;C:\Users\evall\.p2\pool\plugins\org.junit.platform.commons_1.8.1.v20211018-1956.jar;C:\Users\evall\.p2\pool\plugins\org.junit.platform.engine_1.8.1.v20211018-1956.jar;C:\Users\evall\.p2\pool\plugins\org.junit.platform.launcher_1.8.1.v20211018-1956.jar;C:\Users\evall\.p2\pool\plugins\org.junit.platform.runner_1.8.1.v20211018-1956.jar;C:\Users\evall\.p2\pool\plugins\org.junit.platform.suite.api_1.8.1.v20211018-1956.jar;C:\Users\evall\.p2\pool\plugins\org.junit.platform.suite.engine_1.8.1.v20211028-1957.jar;C:\Users\evall\.p2\pool\plugins\org.junit.platform.suite.commons_1.8.1.v20211018-1956.jar;C:\Users\evall\.p2\pool\plugins\org.junit.vintage.engine_5.8.1.v20211018-1956.jar;C:\Users\evall\.p2\pool\plugins\org.opentest4j_1.2.0.v20211018-1956.jar;C:\Users\evall\.p2\pool\plugins\org.apiguardian_1.1.2.v20211018-1956.jar;C:\Users\evall\.p2\pool\plugins\org.junit_4.13.2.v20211018-1956.jar;C:\Users\evall\.p2\pool\plugins\org.hamcrest.core_1.3.0.v20180420-1519.jar;C:\Users\evall\eclipse\java-2022-06\eclipse\configuration\org.eclipse.osgi\214\0\.cp;C:\Users\evall\eclipse\java-2022-06\eclipse\configuration\org.eclipse.osgi\212\0\.cp
Launcher Type: SUN_STANDARD

[Global flags]
     intx CICompilerCount                          = 12                                        {product} {ergonomic}
     uint ConcGCThreads                            = 3                                         {product} {ergonomic}
     uint G1ConcRefinementThreads                  = 13                                        {product} {ergonomic}
   size_t G1HeapRegionSize                         = 2097152                                   {product} {ergonomic}
    uintx GCDrainStackTargetSize                   = 64                                        {product} {ergonomic}
   size_t InitialHeapSize                          = 264241152                                 {product} {ergonomic}
   size_t MarkStackSize                            = 4194304                                   {product} {ergonomic}
   size_t MaxHeapSize                              = 4221566976                                {product} {ergonomic}
   size_t MaxNewSize                               = 2531262464                                {product} {ergonomic}
   size_t MinHeapDeltaBytes                        = 2097152                                   {product} {ergonomic}
   size_t MinHeapSize                              = 8388608                                   {product} {ergonomic}
    uintx NonNMethodCodeHeapSize                   = 7602480                                {pd product} {ergonomic}
    uintx NonProfiledCodeHeapSize                  = 122027880                              {pd product} {ergonomic}
    uintx ProfiledCodeHeapSize                     = 122027880                              {pd product} {ergonomic}
    uintx ReservedCodeCacheSize                    = 251658240                              {pd product} {ergonomic}
     bool SegmentedCodeCache                       = true                                      {product} {ergonomic}
     bool ShowCodeDetailsInExceptionMessages       = true                                   {manageable} {command line}
   size_t SoftMaxHeapSize                          = 4221566976                             {manageable} {ergonomic}
     bool UseCompressedClassPointers               = true                           {product lp64_product} {ergonomic}
     bool UseCompressedOops                        = true                           {product lp64_product} {ergonomic}
     bool UseG1GC                                  = true                                      {product} {ergonomic}
     bool UseLargePagesIndividualAllocation        = false                                  {pd product} {ergonomic}

Logging:
Log output configuration:
 #0: stdout all=warning uptime,level,tags
 #1: stderr all=off uptime,level,tags

Environment Variables:
PATH=C:\Users\evall\.p2\pool\plugins\org.eclipse.justj.openjdk.hotspot.jre.full.win32.x86_64_17.0.4.v20220805-1047\jre\bin;C:/Users/evall/.p2/pool/plugins/org.eclipse.justj.openjdk.hotspot.jre.full.win32.x86_64_17.0.4.v20220805-1047/jre/bin/server;C:/Users/evall/.p2/pool/plugins/org.eclipse.justj.openjdk.hotspot.jre.full.win32.x86_64_17.0.4.v20220805-1047/jre/bin;C:\Windows\system32;C:\Windows;C:\Windows\System32\Wbem;C:\Windows\System32\WindowsPowerShell\v1.0\;C:\Windows\System32\OpenSSH\;C:\Program Files (x86)\NVIDIA Corporation\PhysX\Common;C:\Program Files\NVIDIA Corporation\NVIDIA NvDLISR;C:\Program Files\dotnet\;%SystemRoot%\system32;%SystemRoot%;%SystemRoot%\System32\Wbem;%SYSTEMROOT%\System32\WindowsPowerShell\v1.0\;%SYSTEMROOT%\System32\OpenSSH\;C:\Users\evall\AppData\Local\Microsoft\WindowsApps;C:\Users\evall\AppData\Local\GitHubDesktop\bin;C:\Users\evall\.dotnet\tools;C:\WINDOWS\system32;
USERNAME=evall
OS=Windows_NT
PROCESSOR_IDENTIFIER=Intel64 Family 6 Model 141 Stepping 1, GenuineIntel
TMP=C:\Users\evall\AppData\Local\Temp
TEMP=C:\Users\evall\AppData\Local\Temp



---------------  S Y S T E M  ---------------

OS:
 Windows 11 , 64 bit Build 22621 (10.0.22621.1485)
OS uptime: 37 days 9:47 hours

CPU: total 16 (initial active 16) (8 cores per cpu, 2 threads per core) family 6 model 141 stepping 1 microcode 0x3e, cx8, cmov, fxsr, ht, mmx, 3dnowpref, sse, sse2, sse3, ssse3, sse4.1, sse4.2, popcnt, lzcnt, tsc, tscinvbit, avx, avx2, aes, erms, clmul, bmi1, bmi2, adx, avx512f, avx512dq, avx512cd, avx512bw, avx512vl, sha, fma, vzeroupper, avx512_vpopcntdq, avx512_vpclmulqdq, avx512_vaes, avx512_vnni, clflush, clflushopt, clwb, avx512_vbmi2, avx512_vbmi

Memory: 4k page, system-wide physical 16103M (4277M free)
TotalPageFile size 25346M (AvailPageFile size 6156M)
current process WorkingSet (physical memory assigned to process): 30M, peak: 99M
current process commit charge ("private bytes"): 360M, peak: 382M

vm_info: OpenJDK 64-Bit Server VM (17.0.4+8) for windows-amd64 JRE (17.0.4+8), built on Jul 19 2022 16:05:16 by "temurin" with MS VC++ 16.7 (VS2019)

END.
