#
# A fatal error has been detected by the Java Runtime Environment:
#
#  EXCEPTION_ACCESS_VIOLATION (0xc0000005) at pc=0x00007ff9f560fa7a, pid=18028, tid=21364
#
# JRE version: OpenJDK Runtime Environment Temurin-17.0.4+8 (17.0.4+8) (build 17.0.4+8)
# Java VM: OpenJDK 64-Bit Server VM Temurin-17.0.4+8 (17.0.4+8, mixed mode, tiered, compressed oops, compressed class ptrs, g1 gc, windows-amd64)
# Problematic frame:
# V  [jvm.dll+0x79fa7a]
#
# No core dump will be written. Minidumps are not enabled by default on client versions of Windows
#
# If you would like to submit a bug report, please visit:
#   https://github.com/adoptium/adoptium-support/issues
#

---------------  S U M M A R Y ------------

Command Line: -XX:+ShowCodeDetailsInExceptionMessages -agentlib:jdwp=transport=dt_socket,suspend=y,address=localhost:50570 -ea -javaagent:C:\Users\evall\eclipse\java-2022-06\eclipse\configuration\org.eclipse.osgi\215\0\.cp\lib\javaagent-shaded.jar -Dfile.encoding=UTF-8 org.eclipse.jdt.internal.junit.runner.RemoteTestRunner -version 3 -port 50569 -testLoaderClass org.eclipse.jdt.internal.junit5.runner.JUnit5TestLoader -loaderpluginname org.eclipse.jdt.junit5.runtime -test assignment03.PriorityQueueTester:testInsertWithSmallListOfItems -uniqueId [engine:junit-vintage]/[runner:assignment03.PriorityQueueTester]/[test:testInsertWithSmallListOfItems(assignment03.PriorityQueueTester)]

Host: 11th Gen Intel(R) Core(TM) i7-11800H @ 2.30GHz, 16 cores, 15G,  Windows 11 , 64 bit Build 22621 (10.0.22621.1485)
Time: Wed May 31 16:46:05 2023 Mountain Daylight Time elapsed time: 169772.936154 seconds (1d 23h 9m 32s)

---------------  T H R E A D  ---------------

Current thread (0x000002b1e4f0e020):  JavaThread "JDWP Transport Listener: dt_socket" daemon [_thread_in_vm, id=21364, stack(0x000000e150300000,0x000000e150400000)]

Stack: [0x000000e150300000,0x000000e150400000],  sp=0x000000e1503ff8e0,  free space=1022k
Native frames: (J=compiled Java code, j=interpreted, Vv=VM code, C=native code)
V  [jvm.dll+0x79fa7a]
V  [jvm.dll+0x50963c]
V  [jvm.dll+0x4d0ca4]
C  [jdwp.dll+0x22f7b]


siginfo: EXCEPTION_ACCESS_VIOLATION (0xc0000005), reading address 0x00000000008d0071


Register to memory mapping:

RIP=0x00007ff9f560fa7a jvm.dll
RAX=0x000000000000008c is an unknown value
RBX=0x000002b1e4dcb3f3 points into unknown readable memory: 3b 00 3b 00 64
RCX=0x00000000008d006d is an unknown value
RDX=0x000002b1e67043b0 points into unknown readable memory: 0x6d6e67697373614c | 4c 61 73 73 69 67 6e 6d
RSP=0x000000e1503ff8e0 is pointing into the stack for thread: 0x000002b1e4f0e020
RBP=0x000002b1e4efb040 points into unknown readable memory: 0x0000001700000002 | 02 00 00 00 17 00 00 00
RSI=0x0 is NULL
RDI=0xffffffffffffffff is an unknown value
R8 =0x000000000000000e is an unknown value
R9 =0x0000000000000013 is an unknown value
R10=0x0 is NULL
R11=0x000000e1503ff900 is pointing into the stack for thread: 0x000002b1e4f0e020
R12=0x000000e1503ffa38 is pointing into the stack for thread: 0x000002b1e4f0e020
R13=0x0 is NULL
R14=0x000000080013d5a8 is a pointer to class: 
assignment03.SimplePriorityQueue {0x000000080013d5b0}
 - instance size:     3
 - klass size:        84
 - access:            public synchronized 
 - state:             fully_initialized
 - name:              'assignment03/SimplePriorityQueue'
 - super:             'java/lang/Object'
 - sub:               
 - arrays:            NULL
 - methods:           Array<T>(0x000002b1e6096320)
 - method ordering:   Array<T>(0x000002b1e5e362e0)
 - default_methods:   Array<T>(0x0000000000000000)
 - local interfaces:  Array<T>(0x000002b1e5ed4268)
 - trans. interfaces: Array<T>(0x000002b1e5ed4268)
 - constants:         constant pool [177] {0x000002b1e60a9090} for 'assignment03/SimplePriorityQueue' cache=0x000002b1e6051cb0
 - class loader data:  loader data: 0x000002b1e4da8e40 for instance a 'jdk/internal/loader/ClassLoaders$AppClassLoader'{0x0000000712a00000}
 - source file:       'SimplePriorityQueue.java'
 - source debug extension:       SMAP
SimplePriorityQueue.java
Java
*S jdt
*F
1 SimplePriorityQueue.java
2 file:/C:/Users/evall/git/2420-Summer/2420-Summer-Project/bin/
*L
*E

 - class annotations:       Array<T>(0x0000000000000000)
 - class type annotations:  Array<T>(0x0000000000000000)
 - field annotations:       Array<T>(0x0000000000000000)
 - field type annotations:  Array<T>(0x0000000000000000)
 - previous version:  constant pool [161] {0x000002b1e5ed3a98} for 'assignment03/SimplePriorityQueue' (extra) cache=0x000002b1e6089350
 - generic signature: '
[error occurred during error reporting (printing register info), id 0xc0000005, EXCEPTION_ACCESS_VIOLATION (0xc0000005) at pc=0x00007ff9f5610686]

Registers:
RAX=0x000000000000008c, RBX=0x000002b1e4dcb3f3, RCX=0x00000000008d006d, RDX=0x000002b1e67043b0
RSP=0x000000e1503ff8e0, RBP=0x000002b1e4efb040, RSI=0x0000000000000000, RDI=0xffffffffffffffff
R8 =0x000000000000000e, R9 =0x0000000000000013, R10=0x0000000000000000, R11=0x000000e1503ff900
R12=0x000000e1503ffa38, R13=0x0000000000000000, R14=0x000000080013d5a8, R15=0x000000e1503ffa88
RIP=0x00007ff9f560fa7a, EFLAGS=0x0000000000010202

Top of Stack: (sp=0x000000e1503ff8e0)
0x000000e1503ff8e0:   0000000000000020 000000080013d5a8
0x000000e1503ff8f0:   000002b1e4f0e020 0000000000000000
0x000000e1503ff900:   ffffffffffffffff 00007ff9f537963c
0x000000e1503ff910:   000002b1e4dcb3f3 000002b1e4dcb3d0
0x000000e1503ff920:   000002b1e4efb040 000002b1e5a73820
0x000000e1503ff930:   000002b1e4dcb390 00000000000003d8
0x000000e1503ff940:   000002b1e4dcb3a0 000002b1e4dcb778
0x000000e1503ff950:   0000000000000002 000000e1503ffa38
0x000000e1503ff960:   0000000000000000 0000000000000000
0x000000e1503ff970:   00000007138e0df0 00007ff9f5340ca4
0x000000e1503ff980:   000002b1e4f0e020 000000e1503ffa88
0x000000e1503ff990:   000002b1c4cbfa80 000000e1503ffa88
0x000000e1503ff9a0:   000002b1e4f0e020 0000000000000000
0x000000e1503ff9b0:   000002b100000000 0000000000000000
0x000000e1503ff9c0:   000000000000000d 00007ffa5b1a2f7b
0x000000e1503ff9d0:   000000e1503ffa80 00007ffa5b1b1600 

Instructions: (pc=0x00007ff9f560fa7a)
0x00007ff9f560f97a:   48 83 c4 20 5f e9 6c 69 90 ff cc cc cc cc cc cc
0x00007ff9f560f98a:   cc cc cc cc cc cc 48 89 5c 24 08 57 48 83 ec 20
0x00007ff9f560f99a:   83 fa 02 8d 42 06 b9 08 00 00 00 49 8b d8 0f 4e
0x00007ff9f560f9aa:   c1 48 63 c8 48 83 c1 07 83 e1 f8 48 63 f9 49 8b
0x00007ff9f560f9ba:   48 18 48 8b c7 48 f7 d0 48 3b c1 73 16 4c 8d 05
0x00007ff9f560f9ca:   6a 58 17 00 48 8b d7 48 8b cb e8 77 cc 90 ff 48
0x00007ff9f560f9da:   8b 4b 18 48 8d 04 39 48 3b 43 20 76 18 45 33 c0
0x00007ff9f560f9ea:   48 8b d7 48 8b cb 48 8b 5c 24 30 48 83 c4 20 5f
0x00007ff9f560f9fa:   e9 d1 c8 90 ff 48 89 43 18 48 8b c1 48 8b 5c 24
0x00007ff9f560fa0a:   30 48 83 c4 20 5f c3 cc cc cc cc cc cc cc cc cc
0x00007ff9f560fa1a:   cc cc cc cc cc cc 4c 8b d2 4c 8b d9 45 85 c0 7e
0x00007ff9f560fa2a:   3c 44 0f b7 49 04 41 8d 40 ff 41 3b c1 44 0f 4c
0x00007ff9f560fa3a:   c8 4d 63 c1 45 85 c9 7e 1f 48 8b c2 4c 2b da 49
0x00007ff9f560fa4a:   8b d0 0f 1f 40 00 41 0f b6 4c 03 06 88 08 48 8d
0x00007ff9f560fa5a:   40 01 48 83 ea 01 75 ee 43 c6 04 10 00 49 8b c2
0x00007ff9f560fa6a:   c3 cc cc cc cc cc 48 89 5c 24 08 57 48 83 ec 20
0x00007ff9f560fa7a:   0f b7 59 04 48 8b f9 33 d2 48 8d 4b 01 e8 c4 d9
0x00007ff9f560fa8a:   f2 ff 0f b7 57 04 4c 8b c0 3b da 0f 42 d3 44 8b
0x00007ff9f560fa9a:   ca 85 d2 74 39 48 2b f8 0f 1f 40 00 66 66 0f 1f
0x00007ff9f560faaa:   84 00 00 00 00 00 0f b6 4c 07 06 88 08 48 ff c0
0x00007ff9f560faba:   48 8b c8 49 2b c8 49 3b c9 7c eb 42 c6 04 02 00
0x00007ff9f560faca:   49 8b c0 48 8b 5c 24 30 48 83 c4 20 5f c3 48 8b
0x00007ff9f560fada:   5c 24 30 c6 04 02 00 48 83 c4 20 5f c3 cc cc cc
0x00007ff9f560faea:   cc cc cc cc cc cc 4c 8b d1 45 85 c0 7e 6c 44 0f
0x00007ff9f560fafa:   b7 49 04 41 8d 40 ff 41 3b c1 44 0f 4c c8 4d 63
0x00007ff9f560fb0a:   d9 45 85 c9 7e 22 48 8b ca 4c 2b d2 4d 8b c3 0f
0x00007ff9f560fb1a:   1f 80 00 00 00 00 41 0f b6 44 0a 06 88 01 48 8d
0x00007ff9f560fb2a:   49 01 49 83 e8 01 75 ee 41 c6 04 13 00 48 c7 c0
0x00007ff9f560fb3a:   ff ff ff ff 66 90 48 ff c0 80 3c 02 00 75 f7 48
0x00007ff9f560fb4a:   63 c8 85 c0 48 8b c2 7e 14 80 38 2f 75 03 c6 00
0x00007ff9f560fb5a:   2e 48 ff c0 48 83 e9 01 75 ef 48 8b c2 c3 cc cc
0x00007ff9f560fb6a:   cc cc cc cc cc cc 48 83 ec 28 e8 f7 fe ff ff 4c 


Stack slot to memory mapping:
stack at sp + 0 slots: 0x0000000000000020 is an unknown value
stack at sp + 1 slots: 0x000000080013d5a8 is a pointer to class: 
assignment03.SimplePriorityQueue {0x000000080013d5b0}
 - instance size:     3
 - klass size:        84
 - access:            public synchronized 
 - state:             fully_initialized
 - name:              'assignment03/SimplePriorityQueue'
 - super:             'java/lang/Object'
 - sub:               
 - arrays:            NULL
 - methods:           Array<T>(0x000002b1e6096320)
 - method ordering:   Array<T>(0x000002b1e5e362e0)
 - default_methods:   Array<T>(0x0000000000000000)
 - local interfaces:  Array<T>(0x000002b1e5ed4268)
 - trans. interfaces: Array<T>(0x000002b1e5ed4268)
 - constants:         constant pool [177] {0x000002b1e60a9090} for 'assignment03/SimplePriorityQueue' cache=0x000002b1e6051cb0
 - class loader data:  loader data: 0x000002b1e4da8e40 for instance a 'jdk/internal/loader/ClassLoaders$AppClassLoader'{0x0000000712a00000}
 - source file:       'SimplePriorityQueue.java'
 - source debug extension:       SMAP
SimplePriorityQueue.java
Java
*S jdt
*F
1 SimplePriorityQueue.java
2 file:/C:/Users/evall/git/2420-Summer/2420-Summer-Project/bin/
*L
*E

 - class annotations:       Array<T>(0x0000000000000000)
 - class type annotations:  Array<T>(0x0000000000000000)
 - field annotations:       Array<T>(0x0000000000000000)
 - field type annotations:  Array<T>(0x0000000000000000)
 - previous version:  constant pool [161] {0x000002b1e5ed3a98} for 'assignment03/SimplePriorityQueue' (extra) cache=0x000002b1e6089350
 - generic signature: '
[error occurred during error reporting (inspecting top of stack), id 0xc0000005, EXCEPTION_ACCESS_VIOLATION (0xc0000005) at pc=0x00007ff9f5610686]


---------------  P R O C E S S  ---------------

Threads class SMR info:
_java_thread_list=0x000002b1e692c6a0, length=16, elements={
0x000002b1c4ccff40, 0x000002b1e4c373f0, 0x000002b1e4c38cc0, 0x000002b1e4c962a0,
0x000002b1e4c96b60, 0x000002b1e4c97420, 0x000002b1e4c97ce0, 0x000002b1e4c9c1e0,
0x000002b1e4c9eaf0, 0x000002b1e4ca7bc0, 0x000002b1e4d54530, 0x000002b1e4f0e020,
0x000002b1e4fea2c0, 0x000002b1e4fea7b0, 0x000002b1e5367780, 0x000002b1e6525b90
}

Java Threads: ( => current thread )
  0x000002b1c4ccff40 JavaThread "main" [_thread_blocked, id=12916, stack(0x000000e14f000000,0x000000e14f100000)]
  0x000002b1e4c373f0 JavaThread "Reference Handler" daemon [_thread_blocked, id=43268, stack(0x000000e14f700000,0x000000e14f800000)]
  0x000002b1e4c38cc0 JavaThread "Finalizer" daemon [_thread_blocked, id=3056, stack(0x000000e14f800000,0x000000e14f900000)]
  0x000002b1e4c962a0 JavaThread "Signal Dispatcher" daemon [_thread_blocked, id=2196, stack(0x000000e14f900000,0x000000e14fa00000)]
  0x000002b1e4c96b60 JavaThread "Attach Listener" daemon [_thread_blocked, id=9312, stack(0x000000e14fa00000,0x000000e14fb00000)]
  0x000002b1e4c97420 JavaThread "Service Thread" daemon [_thread_blocked, id=29432, stack(0x000000e14fb00000,0x000000e14fc00000)]
  0x000002b1e4c97ce0 JavaThread "Monitor Deflation Thread" daemon [_thread_blocked, id=21064, stack(0x000000e14fc00000,0x000000e14fd00000)]
  0x000002b1e4c9c1e0 JavaThread "C2 CompilerThread0" daemon [_thread_blocked, id=44212, stack(0x000000e14fd00000,0x000000e14fe00000)]
  0x000002b1e4c9eaf0 JavaThread "C1 CompilerThread0" daemon [_thread_blocked, id=35684, stack(0x000000e14fe00000,0x000000e14ff00000)]
  0x000002b1e4ca7bc0 JavaThread "Sweeper thread" daemon [_thread_blocked, id=20728, stack(0x000000e14ff00000,0x000000e150000000)]
  0x000002b1e4d54530 JavaThread "Common-Cleaner" daemon [_thread_blocked, id=10140, stack(0x000000e150000000,0x000000e150100000)]
=>0x000002b1e4f0e020 JavaThread "JDWP Transport Listener: dt_socket" daemon [_thread_in_vm, id=21364, stack(0x000000e150300000,0x000000e150400000)]
  0x000002b1e4fea2c0 JavaThread "JDWP Event Helper Thread" daemon [_thread_blocked, id=45724, stack(0x000000e150400000,0x000000e150500000)]
  0x000002b1e4fea7b0 JavaThread "JDWP Command Reader" daemon [_thread_in_native, id=44952, stack(0x000000e150500000,0x000000e150600000)]
  0x000002b1e5367780 JavaThread "Notification Thread" daemon [_thread_blocked, id=14272, stack(0x000000e150600000,0x000000e150700000)]
  0x000002b1e6525b90 JavaThread "ReaderThread" [_thread_in_native, id=9372, stack(0x000000e150900000,0x000000e150a00000)]

Other Threads:
  0x000002b1e4c32c60 VMThread "VM Thread" [stack: 0x000000e14f600000,0x000000e14f700000] [id=36340]
  0x000002b1e4e49d70 WatcherThread [stack: 0x000000e150700000,0x000000e150800000] [id=7424]
  0x000002b1c4d3d8c0 GCTaskThread "GC Thread#0" [stack: 0x000000e14f100000,0x000000e14f200000] [id=15572]
  0x000002b1e59981f0 GCTaskThread "GC Thread#1" [stack: 0x000000e150a00000,0x000000e150b00000] [id=8948]
  0x000002b1e59984a0 GCTaskThread "GC Thread#2" [stack: 0x000000e150b00000,0x000000e150c00000] [id=18216]
  0x000002b1e592ea60 GCTaskThread "GC Thread#3" [stack: 0x000000e150c00000,0x000000e150d00000] [id=32024]
  0x000002b1e592ed10 GCTaskThread "GC Thread#4" [stack: 0x000000e150d00000,0x000000e150e00000] [id=42952]
  0x000002b1e592f3d0 GCTaskThread "GC Thread#5" [stack: 0x000000e150e00000,0x000000e150f00000] [id=27548]
  0x000002b1e5a723c0 GCTaskThread "GC Thread#6" [stack: 0x000000e150f00000,0x000000e151000000] [id=23476]
  0x000002b1c4d4e2a0 ConcurrentGCThread "G1 Main Marker" [stack: 0x000000e14f200000,0x000000e14f300000] [id=35956]
  0x000002b1c4d4ed20 ConcurrentGCThread "G1 Conc#0" [stack: 0x000000e14f300000,0x000000e14f400000] [id=2916]
  0x000002b1e40e0150 ConcurrentGCThread "G1 Refine#0" [stack: 0x000000e14f400000,0x000000e14f500000] [id=41360]
  0x000002b1e40e4850 ConcurrentGCThread "G1 Service" [stack: 0x000000e14f500000,0x000000e14f600000] [id=15728]

Threads with active compile tasks:

VM state: not at safepoint (normal execution)

VM Mutex/Monitor currently owned by a thread: None

Heap address: 0x0000000704600000, size: 4026 MB, Compressed Oops mode: Zero based, Oop shift amount: 3

CDS archive(s) not mapped
Compressed class space mapped at: 0x0000000800000000-0x0000000840000000, reserved size: 1073741824
Narrow klass base: 0x0000000800000000, Narrow klass shift: 0, Narrow klass range: 0x40000000

GC Precious Log:
 CPUs: 16 total, 16 available
 Memory: 16103M
 Large Page Support: Disabled
 NUMA Support: Disabled
 Compressed Oops: Enabled (Zero based)
 Heap Region Size: 2M
 Heap Min Capacity: 8M
 Heap Initial Capacity: 252M
 Heap Max Capacity: 4026M
 Pre-touch: Disabled
 Parallel Workers: 13
 Concurrent Workers: 3
 Concurrent Refinement Workers: 13
 Periodic GC: Disabled

Heap:
 garbage-first heap   total 258048K, used 27109K [0x0000000704600000, 0x0000000800000000)
  region size 2048K, 15 young (30720K), 2 survivors (4096K)
 Metaspace       used 15232K, committed 15360K, reserved 1064960K
  class space    used 1531K, committed 1600K, reserved 1048576K

Heap Regions: E=young(eden), S=young(survivor), O=old, HS=humongous(starts), HC=humongous(continues), CS=collection set, F=free, OA=open archive, CA=closed archive, TAMS=top-at-mark-start (previous, next)
|   0|0x0000000704600000, 0x0000000704600000, 0x0000000704800000|  0%| F|  |TAMS 0x0000000704600000, 0x0000000704600000| Untracked 
|   1|0x0000000704800000, 0x0000000704800000, 0x0000000704a00000|  0%| F|  |TAMS 0x0000000704800000, 0x0000000704800000| Untracked 
|   2|0x0000000704a00000, 0x0000000704a00000, 0x0000000704c00000|  0%| F|  |TAMS 0x0000000704a00000, 0x0000000704a00000| Untracked 
|   3|0x0000000704c00000, 0x0000000704c00000, 0x0000000704e00000|  0%| F|  |TAMS 0x0000000704c00000, 0x0000000704c00000| Untracked 
|   4|0x0000000704e00000, 0x0000000704e00000, 0x0000000705000000|  0%| F|  |TAMS 0x0000000704e00000, 0x0000000704e00000| Untracked 
|   5|0x0000000705000000, 0x0000000705000000, 0x0000000705200000|  0%| F|  |TAMS 0x0000000705000000, 0x0000000705000000| Untracked 
|   6|0x0000000705200000, 0x0000000705200000, 0x0000000705400000|  0%| F|  |TAMS 0x0000000705200000, 0x0000000705200000| Untracked 
|   7|0x0000000705400000, 0x0000000705400000, 0x0000000705600000|  0%| F|  |TAMS 0x0000000705400000, 0x0000000705400000| Untracked 
|   8|0x0000000705600000, 0x0000000705600000, 0x0000000705800000|  0%| F|  |TAMS 0x0000000705600000, 0x0000000705600000| Untracked 
|   9|0x0000000705800000, 0x0000000705800000, 0x0000000705a00000|  0%| F|  |TAMS 0x0000000705800000, 0x0000000705800000| Untracked 
|  10|0x0000000705a00000, 0x0000000705a00000, 0x0000000705c00000|  0%| F|  |TAMS 0x0000000705a00000, 0x0000000705a00000| Untracked 
|  11|0x0000000705c00000, 0x0000000705c00000, 0x0000000705e00000|  0%| F|  |TAMS 0x0000000705c00000, 0x0000000705c00000| Untracked 
|  12|0x0000000705e00000, 0x0000000705e00000, 0x0000000706000000|  0%| F|  |TAMS 0x0000000705e00000, 0x0000000705e00000| Untracked 
|  13|0x0000000706000000, 0x0000000706000000, 0x0000000706200000|  0%| F|  |TAMS 0x0000000706000000, 0x0000000706000000| Untracked 
|  14|0x0000000706200000, 0x0000000706200000, 0x0000000706400000|  0%| F|  |TAMS 0x0000000706200000, 0x0000000706200000| Untracked 
|  15|0x0000000706400000, 0x0000000706400000, 0x0000000706600000|  0%| F|  |TAMS 0x0000000706400000, 0x0000000706400000| Untracked 
|  16|0x0000000706600000, 0x0000000706600000, 0x0000000706800000|  0%| F|  |TAMS 0x0000000706600000, 0x0000000706600000| Untracked 
|  17|0x0000000706800000, 0x0000000706800000, 0x0000000706a00000|  0%| F|  |TAMS 0x0000000706800000, 0x0000000706800000| Untracked 
|  18|0x0000000706a00000, 0x0000000706a00000, 0x0000000706c00000|  0%| F|  |TAMS 0x0000000706a00000, 0x0000000706a00000| Untracked 
|  19|0x0000000706c00000, 0x0000000706c00000, 0x0000000706e00000|  0%| F|  |TAMS 0x0000000706c00000, 0x0000000706c00000| Untracked 
|  20|0x0000000706e00000, 0x0000000706e00000, 0x0000000707000000|  0%| F|  |TAMS 0x0000000706e00000, 0x0000000706e00000| Untracked 
|  21|0x0000000707000000, 0x0000000707000000, 0x0000000707200000|  0%| F|  |TAMS 0x0000000707000000, 0x0000000707000000| Untracked 
|  22|0x0000000707200000, 0x0000000707200000, 0x0000000707400000|  0%| F|  |TAMS 0x0000000707200000, 0x0000000707200000| Untracked 
|  23|0x0000000707400000, 0x0000000707400000, 0x0000000707600000|  0%| F|  |TAMS 0x0000000707400000, 0x0000000707400000| Untracked 
|  24|0x0000000707600000, 0x0000000707600000, 0x0000000707800000|  0%| F|  |TAMS 0x0000000707600000, 0x0000000707600000| Untracked 
|  25|0x0000000707800000, 0x0000000707800000, 0x0000000707a00000|  0%| F|  |TAMS 0x0000000707800000, 0x0000000707800000| Untracked 
|  26|0x0000000707a00000, 0x0000000707a00000, 0x0000000707c00000|  0%| F|  |TAMS 0x0000000707a00000, 0x0000000707a00000| Untracked 
|  27|0x0000000707c00000, 0x0000000707c00000, 0x0000000707e00000|  0%| F|  |TAMS 0x0000000707c00000, 0x0000000707c00000| Untracked 
|  28|0x0000000707e00000, 0x0000000707e00000, 0x0000000708000000|  0%| F|  |TAMS 0x0000000707e00000, 0x0000000707e00000| Untracked 
|  29|0x0000000708000000, 0x0000000708000000, 0x0000000708200000|  0%| F|  |TAMS 0x0000000708000000, 0x0000000708000000| Untracked 
|  30|0x0000000708200000, 0x0000000708200000, 0x0000000708400000|  0%| F|  |TAMS 0x0000000708200000, 0x0000000708200000| Untracked 
|  31|0x0000000708400000, 0x0000000708400000, 0x0000000708600000|  0%| F|  |TAMS 0x0000000708400000, 0x0000000708400000| Untracked 
|  32|0x0000000708600000, 0x0000000708600000, 0x0000000708800000|  0%| F|  |TAMS 0x0000000708600000, 0x0000000708600000| Untracked 
|  33|0x0000000708800000, 0x0000000708800000, 0x0000000708a00000|  0%| F|  |TAMS 0x0000000708800000, 0x0000000708800000| Untracked 
|  34|0x0000000708a00000, 0x0000000708a00000, 0x0000000708c00000|  0%| F|  |TAMS 0x0000000708a00000, 0x0000000708a00000| Untracked 
|  35|0x0000000708c00000, 0x0000000708c00000, 0x0000000708e00000|  0%| F|  |TAMS 0x0000000708c00000, 0x0000000708c00000| Untracked 
|  36|0x0000000708e00000, 0x0000000708e00000, 0x0000000709000000|  0%| F|  |TAMS 0x0000000708e00000, 0x0000000708e00000| Untracked 
|  37|0x0000000709000000, 0x0000000709000000, 0x0000000709200000|  0%| F|  |TAMS 0x0000000709000000, 0x0000000709000000| Untracked 
|  38|0x0000000709200000, 0x0000000709200000, 0x0000000709400000|  0%| F|  |TAMS 0x0000000709200000, 0x0000000709200000| Untracked 
|  39|0x0000000709400000, 0x0000000709400000, 0x0000000709600000|  0%| F|  |TAMS 0x0000000709400000, 0x0000000709400000| Untracked 
|  40|0x0000000709600000, 0x0000000709600000, 0x0000000709800000|  0%| F|  |TAMS 0x0000000709600000, 0x0000000709600000| Untracked 
|  41|0x0000000709800000, 0x0000000709800000, 0x0000000709a00000|  0%| F|  |TAMS 0x0000000709800000, 0x0000000709800000| Untracked 
|  42|0x0000000709a00000, 0x0000000709a00000, 0x0000000709c00000|  0%| F|  |TAMS 0x0000000709a00000, 0x0000000709a00000| Untracked 
|  43|0x0000000709c00000, 0x0000000709c00000, 0x0000000709e00000|  0%| F|  |TAMS 0x0000000709c00000, 0x0000000709c00000| Untracked 
|  44|0x0000000709e00000, 0x0000000709e00000, 0x000000070a000000|  0%| F|  |TAMS 0x0000000709e00000, 0x0000000709e00000| Untracked 
|  45|0x000000070a000000, 0x000000070a000000, 0x000000070a200000|  0%| F|  |TAMS 0x000000070a000000, 0x000000070a000000| Untracked 
|  46|0x000000070a200000, 0x000000070a200000, 0x000000070a400000|  0%| F|  |TAMS 0x000000070a200000, 0x000000070a200000| Untracked 
|  47|0x000000070a400000, 0x000000070a400000, 0x000000070a600000|  0%| F|  |TAMS 0x000000070a400000, 0x000000070a400000| Untracked 
|  48|0x000000070a600000, 0x000000070a600000, 0x000000070a800000|  0%| F|  |TAMS 0x000000070a600000, 0x000000070a600000| Untracked 
|  49|0x000000070a800000, 0x000000070a800000, 0x000000070aa00000|  0%| F|  |TAMS 0x000000070a800000, 0x000000070a800000| Untracked 
|  50|0x000000070aa00000, 0x000000070aa00000, 0x000000070ac00000|  0%| F|  |TAMS 0x000000070aa00000, 0x000000070aa00000| Untracked 
|  51|0x000000070ac00000, 0x000000070ac00000, 0x000000070ae00000|  0%| F|  |TAMS 0x000000070ac00000, 0x000000070ac00000| Untracked 
|  52|0x000000070ae00000, 0x000000070ae00000, 0x000000070b000000|  0%| F|  |TAMS 0x000000070ae00000, 0x000000070ae00000| Untracked 
|  53|0x000000070b000000, 0x000000070b000000, 0x000000070b200000|  0%| F|  |TAMS 0x000000070b000000, 0x000000070b000000| Untracked 
|  54|0x000000070b200000, 0x000000070b200000, 0x000000070b400000|  0%| F|  |TAMS 0x000000070b200000, 0x000000070b200000| Untracked 
|  55|0x000000070b400000, 0x000000070b400000, 0x000000070b600000|  0%| F|  |TAMS 0x000000070b400000, 0x000000070b400000| Untracked 
|  56|0x000000070b600000, 0x000000070b600000, 0x000000070b800000|  0%| F|  |TAMS 0x000000070b600000, 0x000000070b600000| Untracked 
|  57|0x000000070b800000, 0x000000070b800000, 0x000000070ba00000|  0%| F|  |TAMS 0x000000070b800000, 0x000000070b800000| Untracked 
|  58|0x000000070ba00000, 0x000000070ba00000, 0x000000070bc00000|  0%| F|  |TAMS 0x000000070ba00000, 0x000000070ba00000| Untracked 
|  59|0x000000070bc00000, 0x000000070bc00000, 0x000000070be00000|  0%| F|  |TAMS 0x000000070bc00000, 0x000000070bc00000| Untracked 
|  60|0x000000070be00000, 0x000000070be00000, 0x000000070c000000|  0%| F|  |TAMS 0x000000070be00000, 0x000000070be00000| Untracked 
|  61|0x000000070c000000, 0x000000070c000000, 0x000000070c200000|  0%| F|  |TAMS 0x000000070c000000, 0x000000070c000000| Untracked 
|  62|0x000000070c200000, 0x000000070c200000, 0x000000070c400000|  0%| F|  |TAMS 0x000000070c200000, 0x000000070c200000| Untracked 
|  63|0x000000070c400000, 0x000000070c400000, 0x000000070c600000|  0%| F|  |TAMS 0x000000070c400000, 0x000000070c400000| Untracked 
|  64|0x000000070c600000, 0x000000070c600000, 0x000000070c800000|  0%| F|  |TAMS 0x000000070c600000, 0x000000070c600000| Untracked 
|  65|0x000000070c800000, 0x000000070c800000, 0x000000070ca00000|  0%| F|  |TAMS 0x000000070c800000, 0x000000070c800000| Untracked 
|  66|0x000000070ca00000, 0x000000070ca00000, 0x000000070cc00000|  0%| F|  |TAMS 0x000000070ca00000, 0x000000070ca00000| Untracked 
|  67|0x000000070cc00000, 0x000000070cc00000, 0x000000070ce00000|  0%| F|  |TAMS 0x000000070cc00000, 0x000000070cc00000| Untracked 
|  68|0x000000070ce00000, 0x000000070ce00000, 0x000000070d000000|  0%| F|  |TAMS 0x000000070ce00000, 0x000000070ce00000| Untracked 
|  69|0x000000070d000000, 0x000000070d000000, 0x000000070d200000|  0%| F|  |TAMS 0x000000070d000000, 0x000000070d000000| Untracked 
|  70|0x000000070d200000, 0x000000070d200000, 0x000000070d400000|  0%| F|  |TAMS 0x000000070d200000, 0x000000070d200000| Untracked 
|  71|0x000000070d400000, 0x000000070d400000, 0x000000070d600000|  0%| F|  |TAMS 0x000000070d400000, 0x000000070d400000| Untracked 
|  72|0x000000070d600000, 0x000000070d600000, 0x000000070d800000|  0%| F|  |TAMS 0x000000070d600000, 0x000000070d600000| Untracked 
|  73|0x000000070d800000, 0x000000070d800000, 0x000000070da00000|  0%| F|  |TAMS 0x000000070d800000, 0x000000070d800000| Untracked 
|  74|0x000000070da00000, 0x000000070da00000, 0x000000070dc00000|  0%| F|  |TAMS 0x000000070da00000, 0x000000070da00000| Untracked 
|  75|0x000000070dc00000, 0x000000070dc00000, 0x000000070de00000|  0%| F|  |TAMS 0x000000070dc00000, 0x000000070dc00000| Untracked 
|  76|0x000000070de00000, 0x000000070de00000, 0x000000070e000000|  0%| F|  |TAMS 0x000000070de00000, 0x000000070de00000| Untracked 
|  77|0x000000070e000000, 0x000000070e000000, 0x000000070e200000|  0%| F|  |TAMS 0x000000070e000000, 0x000000070e000000| Untracked 
|  78|0x000000070e200000, 0x000000070e200000, 0x000000070e400000|  0%| F|  |TAMS 0x000000070e200000, 0x000000070e200000| Untracked 
|  79|0x000000070e400000, 0x000000070e400000, 0x000000070e600000|  0%| F|  |TAMS 0x000000070e400000, 0x000000070e400000| Untracked 
|  80|0x000000070e600000, 0x000000070e600000, 0x000000070e800000|  0%| F|  |TAMS 0x000000070e600000, 0x000000070e600000| Untracked 
|  81|0x000000070e800000, 0x000000070e800000, 0x000000070ea00000|  0%| F|  |TAMS 0x000000070e800000, 0x000000070e800000| Untracked 
|  82|0x000000070ea00000, 0x000000070ea00000, 0x000000070ec00000|  0%| F|  |TAMS 0x000000070ea00000, 0x000000070ea00000| Untracked 
|  83|0x000000070ec00000, 0x000000070ec00000, 0x000000070ee00000|  0%| F|  |TAMS 0x000000070ec00000, 0x000000070ec00000| Untracked 
|  84|0x000000070ee00000, 0x000000070ee00000, 0x000000070f000000|  0%| F|  |TAMS 0x000000070ee00000, 0x000000070ee00000| Untracked 
|  85|0x000000070f000000, 0x000000070f000000, 0x000000070f200000|  0%| F|  |TAMS 0x000000070f000000, 0x000000070f000000| Untracked 
|  86|0x000000070f200000, 0x000000070f200000, 0x000000070f400000|  0%| F|  |TAMS 0x000000070f200000, 0x000000070f200000| Untracked 
|  87|0x000000070f400000, 0x000000070f400000, 0x000000070f600000|  0%| F|  |TAMS 0x000000070f400000, 0x000000070f400000| Untracked 
|  88|0x000000070f600000, 0x000000070f600000, 0x000000070f800000|  0%| F|  |TAMS 0x000000070f600000, 0x000000070f600000| Untracked 
|  89|0x000000070f800000, 0x000000070f800000, 0x000000070fa00000|  0%| F|  |TAMS 0x000000070f800000, 0x000000070f800000| Untracked 
|  90|0x000000070fa00000, 0x000000070fa00000, 0x000000070fc00000|  0%| F|  |TAMS 0x000000070fa00000, 0x000000070fa00000| Untracked 
|  91|0x000000070fc00000, 0x000000070fc00000, 0x000000070fe00000|  0%| F|  |TAMS 0x000000070fc00000, 0x000000070fc00000| Untracked 
|  92|0x000000070fe00000, 0x000000070fe00000, 0x0000000710000000|  0%| F|  |TAMS 0x000000070fe00000, 0x000000070fe00000| Untracked 
|  93|0x0000000710000000, 0x0000000710000000, 0x0000000710200000|  0%| F|  |TAMS 0x0000000710000000, 0x0000000710000000| Untracked 
|  94|0x0000000710200000, 0x0000000710200000, 0x0000000710400000|  0%| F|  |TAMS 0x0000000710200000, 0x0000000710200000| Untracked 
|  95|0x0000000710400000, 0x0000000710400000, 0x0000000710600000|  0%| F|  |TAMS 0x0000000710400000, 0x0000000710400000| Untracked 
|  96|0x0000000710600000, 0x0000000710600000, 0x0000000710800000|  0%| F|  |TAMS 0x0000000710600000, 0x0000000710600000| Untracked 
|  97|0x0000000710800000, 0x0000000710800000, 0x0000000710a00000|  0%| F|  |TAMS 0x0000000710800000, 0x0000000710800000| Untracked 
|  98|0x0000000710a00000, 0x0000000710a00000, 0x0000000710c00000|  0%| F|  |TAMS 0x0000000710a00000, 0x0000000710a00000| Untracked 
|  99|0x0000000710c00000, 0x0000000710c00000, 0x0000000710e00000|  0%| F|  |TAMS 0x0000000710c00000, 0x0000000710c00000| Untracked 
| 100|0x0000000710e00000, 0x0000000710e00000, 0x0000000711000000|  0%| F|  |TAMS 0x0000000710e00000, 0x0000000710e00000| Untracked 
| 101|0x0000000711000000, 0x0000000711000000, 0x0000000711200000|  0%| F|  |TAMS 0x0000000711000000, 0x0000000711000000| Untracked 
| 102|0x0000000711200000, 0x0000000711200000, 0x0000000711400000|  0%| F|  |TAMS 0x0000000711200000, 0x0000000711200000| Untracked 
| 103|0x0000000711400000, 0x0000000711400000, 0x0000000711600000|  0%| F|  |TAMS 0x0000000711400000, 0x0000000711400000| Untracked 
| 104|0x0000000711600000, 0x0000000711600000, 0x0000000711800000|  0%| F|  |TAMS 0x0000000711600000, 0x0000000711600000| Untracked 
| 105|0x0000000711800000, 0x0000000711800000, 0x0000000711a00000|  0%| F|  |TAMS 0x0000000711800000, 0x0000000711800000| Untracked 
| 106|0x0000000711a00000, 0x0000000711a00000, 0x0000000711c00000|  0%| F|  |TAMS 0x0000000711a00000, 0x0000000711a00000| Untracked 
| 107|0x0000000711c00000, 0x0000000711c00000, 0x0000000711e00000|  0%| F|  |TAMS 0x0000000711c00000, 0x0000000711c00000| Untracked 
| 108|0x0000000711e00000, 0x0000000711e00000, 0x0000000712000000|  0%| F|  |TAMS 0x0000000711e00000, 0x0000000711e00000| Untracked 
| 109|0x0000000712000000, 0x0000000712000000, 0x0000000712200000|  0%| F|  |TAMS 0x0000000712000000, 0x0000000712000000| Untracked 
| 110|0x0000000712200000, 0x0000000712200000, 0x0000000712400000|  0%| F|  |TAMS 0x0000000712200000, 0x0000000712200000| Untracked 
| 111|0x0000000712400000, 0x00000007124c3fd0, 0x0000000712600000| 38%| E|  |TAMS 0x0000000712400000, 0x0000000712400000| Complete 
| 112|0x0000000712600000, 0x0000000712800000, 0x0000000712800000|100%| E|CS|TAMS 0x0000000712600000, 0x0000000712600000| Complete 
| 113|0x0000000712800000, 0x0000000712879530, 0x0000000712a00000| 23%| S|CS|TAMS 0x0000000712800000, 0x0000000712800000| Complete 
| 114|0x0000000712a00000, 0x0000000712c00000, 0x0000000712c00000|100%| S|CS|TAMS 0x0000000712a00000, 0x0000000712a00000| Complete 
| 115|0x0000000712c00000, 0x0000000712e00000, 0x0000000712e00000|100%| E|CS|TAMS 0x0000000712c00000, 0x0000000712c00000| Complete 
| 116|0x0000000712e00000, 0x0000000713000000, 0x0000000713000000|100%| E|CS|TAMS 0x0000000712e00000, 0x0000000712e00000| Complete 
| 117|0x0000000713000000, 0x0000000713200000, 0x0000000713200000|100%| E|CS|TAMS 0x0000000713000000, 0x0000000713000000| Complete 
| 118|0x0000000713200000, 0x0000000713400000, 0x0000000713400000|100%| E|CS|TAMS 0x0000000713200000, 0x0000000713200000| Complete 
| 119|0x0000000713400000, 0x0000000713600000, 0x0000000713600000|100%| E|CS|TAMS 0x0000000713400000, 0x0000000713400000| Complete 
| 120|0x0000000713600000, 0x0000000713800000, 0x0000000713800000|100%| E|CS|TAMS 0x0000000713600000, 0x0000000713600000| Complete 
| 121|0x0000000713800000, 0x0000000713a00000, 0x0000000713a00000|100%| E|CS|TAMS 0x0000000713800000, 0x0000000713800000| Complete 
| 122|0x0000000713a00000, 0x0000000713c00000, 0x0000000713c00000|100%| E|CS|TAMS 0x0000000713a00000, 0x0000000713a00000| Complete 
| 123|0x0000000713c00000, 0x0000000713e00000, 0x0000000713e00000|100%| E|CS|TAMS 0x0000000713c00000, 0x0000000713c00000| Complete 
| 124|0x0000000713e00000, 0x0000000714000000, 0x0000000714000000|100%| E|CS|TAMS 0x0000000713e00000, 0x0000000713e00000| Complete 
| 125|0x0000000714000000, 0x0000000714200000, 0x0000000714200000|100%| E|CS|TAMS 0x0000000714000000, 0x0000000714000000| Complete 

Card table byte_map: [0x000002b1d83f0000,0x000002b1d8bd0000] _byte_map_base: 0x000002b1d4bcd000

Marking Bits (Prev, Next): (CMBitMap*) 0x000002b1c4d3dde0, (CMBitMap*) 0x000002b1c4d3de20
 Prev Bits: [0x000002b1d93b0000, 0x000002b1dd298000)
 Next Bits: [0x000002b1dd2a0000, 0x000002b1e1188000)

Polling page: 0x000002b1c44a0000

Metaspace:

Usage:
  Non-class:     13.38 MB used.
      Class:      1.50 MB used.
       Both:     14.88 MB used.

Virtual space:
  Non-class space:       16.00 MB reserved,      13.44 MB ( 84%) committed,  2 nodes.
      Class space:        1.00 GB reserved,       1.56 MB ( <1%) committed,  1 nodes.
             Both:        1.02 GB reserved,      15.00 MB (  1%) committed. 

Chunk freelists:
   Non-Class:  2.14 MB
       Class:  2.39 MB
        Both:  4.53 MB

MaxMetaspaceSize: unlimited
CompressedClassSpaceSize: 1.00 GB
Initial GC threshold: 21.00 MB
Current GC threshold: 21.00 MB
CDS: off
MetaspaceReclaimPolicy: balanced
 - commit_granule_bytes: 65536.
 - commit_granule_words: 8192.
 - virtual_space_node_default_size: 1048576.
 - enlarge_chunks_in_place: 1.
 - new_chunks_are_fully_committed: 0.
 - uncommit_free_chunks: 1.
 - use_allocation_guard: 0.
 - handle_deallocations: 1.


Internal statistics:

num_allocs_failed_limit: 0.
num_arena_births: 76.
num_arena_deaths: 0.
num_vsnodes_births: 3.
num_vsnodes_deaths: 0.
num_space_committed: 240.
num_space_uncommitted: 0.
num_chunks_returned_to_freelist: 0.
num_chunks_taken_from_freelist: 311.
num_chunk_merges: 0.
num_chunk_splits: 155.
num_chunks_enlarged: 94.
num_purges: 0.
num_inconsistent_stats: 0.

CodeHeap 'non-profiled nmethods': size=119168Kb used=572Kb max_used=572Kb free=118595Kb
 bounds [0x000002b1cff30000, 0x000002b1d01a0000, 0x000002b1d7390000]
CodeHeap 'profiled nmethods': size=119104Kb used=3366Kb max_used=3366Kb free=115737Kb
 bounds [0x000002b1c8ae0000, 0x000002b1c8e30000, 0x000002b1cff30000]
CodeHeap 'non-nmethods': size=7488Kb used=1237Kb max_used=1827Kb free=6250Kb
 bounds [0x000002b1c8390000, 0x000002b1c8600000, 0x000002b1c8ae0000]
 total_blobs=1978 nmethods=1530 adapters=361
 compilation: enabled
              stopped_count=0, restarted_count=0
 full_count=0

Compilation events (20 events):
Event: 24445.351 Thread 0x000002b1e4c9c1e0 1523 %     4       org.eclipse.jdt.launching.internal.org.objectweb.asm.ClassReader::<init> @ 110 (371 bytes)
Event: 24445.355 Thread 0x000002b1e4c9c1e0 nmethod 1523% 0x000002b1cffaeb90 code [0x000002b1cffaed40, 0x000002b1cffaf348]
Event: 24729.696 Thread 0x000002b1e4c9c1e0 1524 %     4       org.eclipse.jdt.launching.internal.org.objectweb.asm.SymbolTable::<init> @ 98 (536 bytes)
Event: 24729.818 Thread 0x000002b1e4c9c1e0 

Event: 58014.637 Thread 0x000002b1e4c9c1e0 1526       4       org.eclipse.jdt.launching.internal.org.objectweb.asm.ClassReader::getFirstAttributeOffset (136 bytes)
Event: 58014.645 Thread 0x000002b1e4c9c1e0 

Event: 58148.075 Thread 0x000002b1e4c9c1e0 1527       4       org.eclipse.jdt.launching.internal.org.objectweb.asm.ByteVector::putByteArray (49 bytes)
Event: 58148.082 Thread 0x000002b1e4c9c1e0 

Event: 58493.247 Thread 0x000002b1e4c9c1e0 1528       4       org.eclipse.jdt.launching.internal.org.objectweb.asm.ClassReader::<init> (371 bytes)
Event: 58493.256 Thread 0x000002b1e4c9c1e0 nmethod 1528 0x000002b1cffafa90 code [0x000002b1cffafc40, 0x000002b1cffb0908]
Event: 74610.259 Thread 0x000002b1e4c9c1e0 1529 %     4       org.eclipse.jdt.launching.internal.org.objectweb.asm.SymbolTable::<init> @ 98 (536 bytes)
Event: 74610.381 Thread 0x000002b1e4c9c1e0 nmethod 1529% 0x000002b1cffb0e10 code [0x000002b1cffb1240, 0x000002b1cffba030]
Event: 75170.488 Thread 0x000002b1e4c9eaf0 1530   !   3       java.lang.ref.ReferenceQueue::remove (125 bytes)
Event: 75170.491 Thread 0x000002b1e4c9eaf0 nmethod 1530 0x000002b1c8e28390 code [0x000002b1c8e285c0, 0x000002b1c8e28e18]
Event: 75230.490 Thread 0x000002b1e4c9eaf0 1531   !   3       jdk.internal.ref.PhantomCleanable::isListEmpty (34 bytes)
Event: 75230.491 Thread 0x000002b1e4c9eaf0 nmethod 1531 0x000002b1c8e29190 code [0x000002b1c8e29340, 0x000002b1c8e295b8]
Event: 75230.491 Thread 0x000002b1e4c9eaf0 1532       3       jdk.internal.misc.InnocuousThread::eraseThreadLocals (23 bytes)
Event: 75230.491 Thread 0x000002b1e4c9eaf0 nmethod 1532 0x000002b1c8e29710 code [0x000002b1c8e298a0, 0x000002b1c8e29a98]
Event: 163764.147 Thread 0x000002b1e4c9c1e0 1533       4       org.eclipse.jdt.launching.internal.org.objectweb.asm.ByteVector::putByteArray (49 bytes)
Event: 163764.148 Thread 0x000002b1e4c9c1e0 nmethod 1533 0x000002b1cffbe810 code [0x000002b1cffbe980, 0x000002b1cffbeb38]

GC Heap History (2 events):
Event: 0.534 GC heap before
{Heap before GC invocations=0 (full 0):
 garbage-first heap   total 258048K, used 20480K [0x0000000704600000, 0x0000000800000000)
  region size 2048K, 11 young (22528K), 0 survivors (0K)
 Metaspace       used 11900K, committed 12032K, reserved 1064960K
  class space    used 1072K, committed 1152K, reserved 1048576K
}
Event: 0.536 GC heap after
{Heap after GC invocations=1 (full 0):
 garbage-first heap   total 258048K, used 2533K [0x0000000704600000, 0x0000000800000000)
  region size 2048K, 2 young (4096K), 2 survivors (4096K)
 Metaspace       used 11900K, committed 12032K, reserved 1064960K
  class space    used 1072K, committed 1152K, reserved 1048576K
}

Deoptimization events (20 events):
Event: 0.688 Thread 0x000002b1c4ccff40 DEOPT PACKING pc=0x000002b1c8b971fb sp=0x000000e14f0fa080
Event: 0.688 Thread 0x000002b1c4ccff40 DEOPT UNPACKING pc=0x000002b1c83e6763 sp=0x000000e14f0f95a8 mode 0
Event: 0.688 Thread 0x000002b1c4ccff40 Uncommon trap: trap_request=0xffffffde fr.pc=0x000002b1cffaca48 relative=0x0000000000000128
Event: 0.688 Thread 0x000002b1c4ccff40 Uncommon trap: reason=class_check action=maybe_recompile pc=0x000002b1cffaca48 method=jdk.internal.misc.Unsafe.allocateUninitializedArray(Ljava/lang/Class;I)Ljava/lang/Object; @ 51 c2
Event: 0.688 Thread 0x000002b1c4ccff40 DEOPT PACKING pc=0x000002b1cffaca48 sp=0x000000e14f0fdcb0
Event: 0.688 Thread 0x000002b1c4ccff40 DEOPT UNPACKING pc=0x000002b1c83e5c23 sp=0x000000e14f0fdc38 mode 2
Event: 0.688 Thread 0x000002b1c4ccff40 Uncommon trap: trap_request=0xffffffde fr.pc=0x000002b1cffaca48 relative=0x0000000000000128
Event: 0.688 Thread 0x000002b1c4ccff40 Uncommon trap: reason=class_check action=maybe_recompile pc=0x000002b1cffaca48 method=jdk.internal.misc.Unsafe.allocateUninitializedArray(Ljava/lang/Class;I)Ljava/lang/Object; @ 51 c2
Event: 0.688 Thread 0x000002b1c4ccff40 DEOPT PACKING pc=0x000002b1cffaca48 sp=0x000000e14f0fdd60
Event: 0.688 Thread 0x000002b1c4ccff40 DEOPT UNPACKING pc=0x000002b1c83e5c23 sp=0x000000e14f0fdce8 mode 2
Event: 0.688 Thread 0x000002b1c4ccff40 Uncommon trap: trap_request=0xffffffde fr.pc=0x000002b1cffaca48 relative=0x0000000000000128
Event: 0.688 Thread 0x000002b1c4ccff40 Uncommon trap: reason=class_check action=maybe_recompile pc=0x000002b1cffaca48 method=jdk.internal.misc.Unsafe.allocateUninitializedArray(Ljava/lang/Class;I)Ljava/lang/Object; @ 51 c2
Event: 0.688 Thread 0x000002b1c4ccff40 DEOPT PACKING pc=0x000002b1cffaca48 sp=0x000000e14f0fdb20
Event: 0.688 Thread 0x000002b1c4ccff40 DEOPT UNPACKING pc=0x000002b1c83e5c23 sp=0x000000e14f0fdaa8 mode 2
Event: 0.688 Thread 0x000002b1c4ccff40 Uncommon trap: trap_request=0xffffffde fr.pc=0x000002b1cffaca48 relative=0x0000000000000128
Event: 0.688 Thread 0x000002b1c4ccff40 Uncommon trap: reason=class_check action=maybe_recompile pc=0x000002b1cffaca48 method=jdk.internal.misc.Unsafe.allocateUninitializedArray(Ljava/lang/Class;I)Ljava/lang/Object; @ 51 c2
Event: 0.689 Thread 0x000002b1c4ccff40 DEOPT PACKING pc=0x000002b1cffaca48 sp=0x000000e14f0fd7e0
Event: 0.689 Thread 0x000002b1c4ccff40 DEOPT UNPACKING pc=0x000002b1c83e5c23 sp=0x000000e14f0fd768 mode 2
Event: 58493.247 Thread 0x000002b1e4f0e020 DEOPT PACKING pc=0x000002b1c8cc2093 sp=0x000000e1503fe5c0
Event: 58493.247 Thread 0x000002b1e4f0e020 DEOPT UNPACKING pc=0x000002b1c83e6763 sp=0x000000e1503fdab0 mode 0

Classes unloaded (0 events):
No events

Classes redefined (20 events):
Event: 57923.906 Thread 0x000002b1e4c32c60 redefined class name=assignment03.SimplePriorityQueue, count=48
Event: 57940.747 Thread 0x000002b1e4c32c60 redefined class name=assignment03.SimplePriorityQueue, count=49
Event: 57954.327 Thread 0x000002b1e4c32c60 redefined class name=assignment03.SimplePriorityQueue, count=50
Event: 58008.742 Thread 0x000002b1e4c32c60 redefined class name=assignment03.SimplePriorityQueue, count=51
Event: 58014.638 Thread 0x000002b1e4c32c60 redefined class name=assignment03.SimplePriorityQueue, count=52
Event: 58056.554 Thread 0x000002b1e4c32c60 redefined class name=assignment03.SimplePriorityQueue, count=53
Event: 58100.145 Thread 0x000002b1e4c32c60 redefined class name=assignment03.SimplePriorityQueue, count=54
Event: 58140.193 Thread 0x000002b1e4c32c60 redefined class name=assignment03.SimplePriorityQueue, count=55
Event: 58142.215 Thread 0x000002b1e4c32c60 redefined class name=assignment03.SimplePriorityQueue, count=56
Event: 58148.078 Thread 0x000002b1e4c32c60 redefined class name=assignment03.SimplePriorityQueue, count=57
Event: 58172.640 Thread 0x000002b1e4c32c60 redefined class name=assignment03.SimplePriorityQueue, count=58
Event: 58294.258 Thread 0x000002b1e4c32c60 redefined class name=assignment03.SimplePriorityQueue, count=59
Event: 73635.635 Thread 0x000002b1e4c32c60 redefined class name=assignment03.SimplePriorityQueue, count=60
Event: 75370.219 Thread 0x000002b1e4c32c60 redefined class name=assignment03.SimplePriorityQueue, count=61
Event: 75471.795 Thread 0x000002b1e4c32c60 redefined class name=assignment03.SimplePriorityQueue, count=62
Event: 75478.247 Thread 0x000002b1e4c32c60 redefined class name=assignment03.SimplePriorityQueue, count=63
Event: 165653.982 Thread 0x000002b1e4c32c60 redefined class name=assignment03.SimplePriorityQueue, count=64
Event: 165666.240 Thread 0x000002b1e4c32c60 redefined class name=assignment03.SimplePriorityQueue, count=65
Event: 165676.308 Thread 0x000002b1e4c32c60 redefined class name=assignment03.SimplePriorityQueue, count=66
Event: 165679.697 Thread 0x000002b1e4c32c60 redefined class name=assignment03.SimplePriorityQueue, count=67

Internal exceptions (20 events):
Event: 0.524 Thread 0x000002b1c4ccff40 Exception <a 'java/lang/NoSuchMethodError'{0x0000000712c84610}: 'int java.lang.invoke.DirectMethodHandle$Holder.invokeSpecial(java.lang.Object, java.lang.Object, java.lang.Object)'> (0x0000000712c84610) 
thrown [s\src\hotspot\share\interpreter\linkResolver.cpp, line 759]
Event: 0.531 Thread 0x000002b1c4ccff40 Exception <a 'java/lang/NoSuchMethodError'{0x0000000712d9b2f0}: 'void java.lang.invoke.DirectMethodHandle$Holder.invokeInterface(java.lang.Object, java.lang.Object)'> (0x0000000712d9b2f0) 
thrown [s\src\hotspot\share\interpreter\linkResolver.cpp, line 759]
Event: 0.531 Thread 0x000002b1c4ccff40 Exception <a 'java/lang/IncompatibleClassChangeError'{0x0000000712d9e880}: Found class java.lang.Object, but interface was expected> (0x0000000712d9e880) 
thrown [s\src\hotspot\share\interpreter\linkResolver.cpp, line 826]
Event: 0.539 Thread 0x000002b1c4ccff40 Exception <a 'java/lang/NoSuchMethodError'{0x0000000714027ad0}: 'void java.lang.invoke.DirectMethodHandle$Holder.invokeInterface(java.lang.Object, java.lang.Object, java.lang.Object)'> (0x0000000714027ad0) 
thrown [s\src\hotspot\share\interpreter\linkResolver.cpp, line 759]
Event: 0.539 Thread 0x000002b1c4ccff40 Exception <a 'java/lang/IncompatibleClassChangeError'{0x000000071402b138}: Found class java.lang.Object, but interface was expected> (0x000000071402b138) 
thrown [s\src\hotspot\share\interpreter\linkResolver.cpp, line 826]
Event: 0.570 Thread 0x000002b1c4ccff40 Exception <a 'java/lang/NoSuchMethodError'{0x0000000713a29bd0}: 'java.lang.Object java.lang.invoke.DirectMethodHandle$Holder.invokeStaticInit(java.lang.Object, java.lang.Object, java.lang.Object)'> (0x0000000713a29bd0) 
thrown [s\src\hotspot\share\interpreter\linkResolver.cpp, line 759]
Event: 0.571 Thread 0x000002b1c4ccff40 Exception <a 'java/lang/NoSuchMethodError'{0x0000000713a31040}: 'void java.lang.invoke.DirectMethodHandle$Holder.invokeStaticInit(java.lang.Object, java.lang.Object, java.lang.Object)'> (0x0000000713a31040) 
thrown [s\src\hotspot\share\interpreter\linkResolver.cpp, line 759]
Event: 0.599 Thread 0x000002b1c4ccff40 Exception <a 'java/lang/NoSuchMethodError'{0x00000007138e2bd8}: 'java.lang.Object java.lang.invoke.DirectMethodHandle$Holder.invokeInterface(java.lang.Object, java.lang.Object)'> (0x00000007138e2bd8) 
thrown [s\src\hotspot\share\interpreter\linkResolver.cpp, line 759]
Event: 0.599 Thread 0x000002b1c4ccff40 Exception <a 'java/lang/IncompatibleClassChangeError'{0x00000007138e6678}: Found class java.lang.Object, but interface was expected> (0x00000007138e6678) 
thrown [s\src\hotspot\share\interpreter\linkResolver.cpp, line 826]
Event: 0.608 Thread 0x000002b1c4ccff40 Exception <a 'java/lang/NoSuchMethodError'{0x0000000713996b58}: 'java.lang.Object java.lang.invoke.DirectMethodHandle$Holder.newInvokeSpecial(java.lang.Object, java.lang.Object, java.lang.Object, java.lang.Object, java.lang.Object)'> (0x0000000713996b58) 
thrown [s\src\hotspot\share\interpreter\linkResolver.cpp, line 759]
Event: 0.617 Thread 0x000002b1c4ccff40 Exception <a 'java/lang/NoSuchMethodError'{0x000000071368f718}: 'void java.lang.invoke.DirectMethodHandle$Holder.invokeStatic(java.lang.Object, java.lang.Object, java.lang.Object, java.lang.Object)'> (0x000000071368f718) 
thrown [s\src\hotspot\share\interpreter\linkResolver.cpp, line 759]
Event: 0.622 Thread 0x000002b1c4ccff40 Exception <a 'java/lang/NoSuchMethodError'{0x0000000713707340}: 'java.lang.Object java.lang.invoke.DirectMethodHandle$Holder.invokeSpecialIFC(java.lang.Object, java.lang.Object, java.lang.Object, java.lang.Object)'> (0x0000000713707340) 
thrown [s\src\hotspot\share\interpreter\linkResolver.cpp, line 759]
Event: 0.628 Thread 0x000002b1c4ccff40 Exception <a 'java/lang/NoSuchMethodError'{0x000000071376e990}: 'int java.lang.invoke.DirectMethodHandle$Holder.invokeStatic(java.lang.Object, java.lang.Object, java.lang.Object, java.lang.Object)'> (0x000000071376e990) 
thrown [s\src\hotspot\share\interpreter\linkResolver.cpp, line 759]
Event: 0.634 Thread 0x000002b1c4ccff40 Exception <a 'java/lang/NoSuchMethodError'{0x00000007137e6f28}: 'void java.lang.invoke.DirectMethodHandle$Holder.invokeSpecial(java.lang.Object, java.lang.Object, java.lang.Object, java.lang.Object, java.lang.Object)'> (0x00000007137e6f28) 
thrown [s\src\hotspot\share\interpreter\linkResolver.cpp, line 759]
Event: 0.648 Thread 0x000002b1c4ccff40 Exception <a 'java/lang/NoSuchMethodError'{0x00000007134fe270}: 'void java.lang.invoke.DirectMethodHandle$Holder.invokeInterface(java.lang.Object, java.lang.Object, java.lang.Object, java.lang.Object)'> (0x00000007134fe270) 
thrown [s\src\hotspot\share\interpreter\linkResolver.cpp, line 759]
Event: 0.648 Thread 0x000002b1c4ccff40 Exception <a 'java/lang/IncompatibleClassChangeError'{0x00000007135016f8}: Found class java.lang.Object, but interface was expected> (0x00000007135016f8) 
thrown [s\src\hotspot\share\interpreter\linkResolver.cpp, line 826]
Event: 0.657 Thread 0x000002b1c4ccff40 Exception <a 'java/lang/NoSuchMethodError'{0x0000000713207f78}: 'java.lang.Object java.lang.invoke.Invokers$Holder.invokeExact_MT(java.lang.Object, java.lang.Object, java.lang.Object, java.lang.Object, java.lang.Object, java.lang.Object)'> (0x0000000713207f78) 
thrown [s\src\hotspot\share\interpreter\linkResolver.cpp, line 759]
Event: 0.658 Thread 0x000002b1c4ccff40 Exception <a 'java/lang/NoSuchMethodError'{0x0000000713218728}: 'int java.lang.invoke.DirectMethodHandle$Holder.invokeStatic(java.lang.Object, java.lang.Object, java.lang.Object, java.lang.Object, java.lang.Object)'> (0x0000000713218728) 
thrown [s\src\hotspot\share\interpreter\linkResolver.cpp, line 759]
Event: 0.662 Thread 0x000002b1c4ccff40 Exception <a 'java/lang/NoSuchMethodError'{0x00000007132906b0}: 'void java.lang.invoke.DirectMethodHandle$Holder.invokeStaticInit(java.lang.Object)'> (0x00000007132906b0) 
thrown [s\src\hotspot\share\interpreter\linkResolver.cpp, line 759]
Event: 0.696 Thread 0x000002b1c4ccff40 Exception <a 'java/lang/NoSuchMethodError'{0x0000000712ecbf98}: 'int java.lang.invoke.DirectMethodHandle$Holder.invokeSpecial(java.lang.Object, java.lang.Object, java.lang.Object, java.lang.Object)'> (0x0000000712ecbf98) 
thrown [s\src\hotspot\share\interpreter\linkResolver.cpp, line 759]

VM Operations (20 events):
Event: 75478.243 Executing VM operation: RedefineClasses
Event: 75478.250 Executing VM operation: RedefineClasses done
Event: 75478.260 Executing VM operation: ChangeBreakpoints
Event: 75478.261 Executing VM operation: ChangeBreakpoints done
Event: 165653.979 Executing VM operation: RedefineClasses
Event: 165653.986 Executing VM operation: RedefineClasses done
Event: 165653.989 Executing VM operation: ChangeBreakpoints
Event: 165653.989 Executing VM operation: ChangeBreakpoints done
Event: 165666.238 Executing VM operation: RedefineClasses
Event: 165666.242 Executing VM operation: RedefineClasses done
Event: 165666.245 Executing VM operation: ChangeBreakpoints
Event: 165666.245 Executing VM operation: ChangeBreakpoints done
Event: 165676.307 Executing VM operation: RedefineClasses
Event: 165676.310 Executing VM operation: RedefineClasses done
Event: 165676.313 Executing VM operation: ChangeBreakpoints
Event: 165676.313 Executing VM operation: ChangeBreakpoints done
Event: 165679.695 Executing VM operation: RedefineClasses
Event: 165679.699 Executing VM operation: RedefineClasses done
Event: 165679.702 Executing VM operation: ChangeBreakpoints
Event: 165679.702 Executing VM operation: ChangeBreakpoints done

Events (20 events):
Event: 0.683 loading class java/util/concurrent/ForkJoinTask
Event: 0.683 loading class java/util/concurrent/ForkJoinTask done
Event: 0.683 loading class java/util/concurrent/CompletableFuture$Completion done
Event: 0.686 loading class java/lang/ThreadLocal$SuppliedThreadLocal
Event: 0.686 loading class java/lang/ThreadLocal$SuppliedThreadLocal done
Event: 0.686 loading class java/util/stream/Streams$ConcatSpliterator$OfRef
Event: 0.686 loading class java/util/stream/Streams$ConcatSpliterator
Event: 0.686 loading class java/util/stream/Streams$ConcatSpliterator done
Event: 0.686 loading class java/util/stream/Streams$ConcatSpliterator$OfRef done
Event: 0.686 loading class java/util/stream/Streams$2
Event: 0.686 loading class java/util/stream/Streams$2 done
Event: 0.696 loading class sun/nio/ch/IOStatus
Event: 0.696 loading class sun/nio/ch/IOStatus done
Event: 0.697 loading class java/lang/reflect/InvocationTargetException
Event: 0.697 loading class java/lang/reflect/InvocationTargetException done
Event: 0.698 loading class java/util/NoSuchElementException
Event: 0.698 loading class java/util/NoSuchElementException done
Event: 5.699 Thread 0x000002b1e4e2e650 Thread exited: 0x000002b1e4e2e650
Event: 5.699 Thread 0x000002b1e5a7c3d0 Thread exited: 0x000002b1e5a7c3d0
Event: 10.706 Thread 0x000002b1e4e2eb60 Thread exited: 0x000002b1e4e2eb60


Dynamic libraries:
0x00007ff631c40000 - 0x00007ff631c4e000 	C:\Users\evall\.p2\pool\plugins\org.eclipse.justj.openjdk.hotspot.jre.full.win32.x86_64_17.0.4.v20220805-1047\jre\bin\javaw.exe
0x00007ffa63af0000 - 0x00007ffa63d04000 	C:\WINDOWS\SYSTEM32\ntdll.dll
0x00007ffa63050000 - 0x00007ffa63112000 	C:\WINDOWS\System32\KERNEL32.DLL
0x00007ffa614e0000 - 0x00007ffa6187c000 	C:\WINDOWS\System32\KERNELBASE.dll
0x00007ffa61160000 - 0x00007ffa61271000 	C:\WINDOWS\System32\ucrtbase.dll
0x00007ffa5b370000 - 0x00007ffa5b389000 	C:\Users\evall\.p2\pool\plugins\org.eclipse.justj.openjdk.hotspot.jre.full.win32.x86_64_17.0.4.v20220805-1047\jre\bin\VCRUNTIME140.dll
0x00007ffa5b3f0000 - 0x00007ffa5b408000 	C:\Users\evall\.p2\pool\plugins\org.eclipse.justj.openjdk.hotspot.jre.full.win32.x86_64_17.0.4.v20220805-1047\jre\bin\jli.dll
0x00007ffa62c20000 - 0x00007ffa62dcb000 	C:\WINDOWS\System32\USER32.dll
0x00007ffa614b0000 - 0x00007ffa614d6000 	C:\WINDOWS\System32\win32u.dll
0x00007ffa3b8d0000 - 0x00007ffa3bb5e000 	C:\WINDOWS\WinSxS\amd64_microsoft.windows.common-controls_6595b64144ccf1df_6.0.22621.608_none_a9444ca7c10bb01d\COMCTL32.dll
0x00007ffa62900000 - 0x00007ffa629a7000 	C:\WINDOWS\System32\msvcrt.dll
0x00007ffa62600000 - 0x00007ffa62629000 	C:\WINDOWS\System32\GDI32.dll
0x00007ffa60f30000 - 0x00007ffa61043000 	C:\WINDOWS\System32\gdi32full.dll
0x00007ffa610c0000 - 0x00007ffa6115a000 	C:\WINDOWS\System32\msvcp_win.dll
0x00007ffa629b0000 - 0x00007ffa629e1000 	C:\WINDOWS\System32\IMM32.DLL
0x00007ffa5d960000 - 0x00007ffa5d96c000 	C:\Users\evall\.p2\pool\plugins\org.eclipse.justj.openjdk.hotspot.jre.full.win32.x86_64_17.0.4.v20220805-1047\jre\bin\vcruntime140_1.dll
0x00007ffa0f2f0000 - 0x00007ffa0f381000 	C:\Users\evall\.p2\pool\plugins\org.eclipse.justj.openjdk.hotspot.jre.full.win32.x86_64_17.0.4.v20220805-1047\jre\bin\msvcp140.dll
0x00007ff9f4e70000 - 0x00007ff9f5ab6000 	C:\Users\evall\.p2\pool\plugins\org.eclipse.justj.openjdk.hotspot.jre.full.win32.x86_64_17.0.4.v20220805-1047\jre\bin\server\jvm.dll
0x00007ffa62630000 - 0x00007ffa626de000 	C:\WINDOWS\System32\ADVAPI32.dll
0x00007ffa63120000 - 0x00007ffa631c4000 	C:\WINDOWS\System32\sechost.dll
0x00007ffa626e0000 - 0x00007ffa627f7000 	C:\WINDOWS\System32\RPCRT4.dll
0x00007ffa62dd0000 - 0x00007ffa62dd8000 	C:\WINDOWS\System32\PSAPI.DLL
0x00007ffa5e1e0000 - 0x00007ffa5e214000 	C:\WINDOWS\SYSTEM32\WINMM.dll
0x00007ffa5db00000 - 0x00007ffa5db09000 	C:\WINDOWS\SYSTEM32\WSOCK32.dll
0x00007ffa631d0000 - 0x00007ffa63241000 	C:\WINDOWS\System32\WS2_32.dll
0x00007ffa51ba0000 - 0x00007ffa51baa000 	C:\WINDOWS\SYSTEM32\VERSION.dll
0x00007ffa5ff80000 - 0x00007ffa5ff98000 	C:\WINDOWS\SYSTEM32\kernel.appcore.dll
0x00007ffa5daa0000 - 0x00007ffa5daaa000 	C:\Users\evall\.p2\pool\plugins\org.eclipse.justj.openjdk.hotspot.jre.full.win32.x86_64_17.0.4.v20220805-1047\jre\bin\jimage.dll
0x00007ffa5e8d0000 - 0x00007ffa5eafe000 	C:\WINDOWS\SYSTEM32\DBGHELP.DLL
0x00007ffa61d80000 - 0x00007ffa62109000 	C:\WINDOWS\System32\combase.dll
0x00007ffa62810000 - 0x00007ffa628e7000 	C:\WINDOWS\System32\OLEAUT32.dll
0x00007ffa5e1a0000 - 0x00007ffa5e1d2000 	C:\WINDOWS\SYSTEM32\dbgcore.DLL
0x00007ffa61880000 - 0x00007ffa618fb000 	C:\WINDOWS\System32\bcryptPrimitives.dll
0x00007ffa5b180000 - 0x00007ffa5b1bb000 	C:\Users\evall\.p2\pool\plugins\org.eclipse.justj.openjdk.hotspot.jre.full.win32.x86_64_17.0.4.v20220805-1047\jre\bin\jdwp.dll
0x00007ffa5b3e0000 - 0x00007ffa5b3ee000 	C:\Users\evall\.p2\pool\plugins\org.eclipse.justj.openjdk.hotspot.jre.full.win32.x86_64_17.0.4.v20220805-1047\jre\bin\instrument.dll
0x00007ffa3bdc0000 - 0x00007ffa3bde5000 	C:\Users\evall\.p2\pool\plugins\org.eclipse.justj.openjdk.hotspot.jre.full.win32.x86_64_17.0.4.v20220805-1047\jre\bin\java.dll
0x00007ffa5b4a0000 - 0x00007ffa5b4b8000 	C:\Users\evall\.p2\pool\plugins\org.eclipse.justj.openjdk.hotspot.jre.full.win32.x86_64_17.0.4.v20220805-1047\jre\bin\zip.dll
0x00007ffa63250000 - 0x00007ffa63a40000 	C:\WINDOWS\System32\SHELL32.dll
0x00007ffa5ef40000 - 0x00007ffa5f80d000 	C:\WINDOWS\SYSTEM32\windows.storage.dll
0x00007ffa5ee00000 - 0x00007ffa5ef3e000 	C:\WINDOWS\SYSTEM32\wintypes.dll
0x00007ffa62e90000 - 0x00007ffa62f81000 	C:\WINDOWS\System32\SHCORE.dll
0x00007ffa62ff0000 - 0x00007ffa6304e000 	C:\WINDOWS\System32\shlwapi.dll
0x00007ffa60e60000 - 0x00007ffa60e81000 	C:\WINDOWS\SYSTEM32\profapi.dll
0x00007ffa5b110000 - 0x00007ffa5b11c000 	C:\Users\evall\.p2\pool\plugins\org.eclipse.justj.openjdk.hotspot.jre.full.win32.x86_64_17.0.4.v20220805-1047\jre\bin\dt_socket.dll
0x00007ffa5fa60000 - 0x00007ffa5fa8d000 	C:\WINDOWS\SYSTEM32\IPHLPAPI.DLL
0x00007ffa60450000 - 0x00007ffa604b9000 	C:\WINDOWS\system32\mswsock.dll
0x00007ffa5fad0000 - 0x00007ffa5fbc3000 	C:\WINDOWS\SYSTEM32\DNSAPI.dll
0x00007ffa628f0000 - 0x00007ffa628f9000 	C:\WINDOWS\System32\NSI.dll
0x00007ffa4ebe0000 - 0x00007ffa4ebea000 	C:\Windows\System32\rasadhlp.dll
0x00007ffa4eb20000 - 0x00007ffa4eba3000 	C:\WINDOWS\System32\fwpuclnt.dll
0x00007ffa3a270000 - 0x00007ffa3a289000 	C:\Users\evall\.p2\pool\plugins\org.eclipse.justj.openjdk.hotspot.jre.full.win32.x86_64_17.0.4.v20220805-1047\jre\bin\net.dll
0x00007ffa51a40000 - 0x00007ffa51b77000 	C:\WINDOWS\SYSTEM32\WINHTTP.dll
0x00007ffa38990000 - 0x00007ffa389a5000 	C:\Users\evall\.p2\pool\plugins\org.eclipse.justj.openjdk.hotspot.jre.full.win32.x86_64_17.0.4.v20220805-1047\jre\bin\nio.dll
0x00007ffa5da90000 - 0x00007ffa5daa0000 	C:\Users\evall\.p2\pool\plugins\org.eclipse.justj.openjdk.hotspot.jre.full.win32.x86_64_17.0.4.v20220805-1047\jre\bin\verify.dll
0x00007ffa4f200000 - 0x00007ffa4f219000 	C:\WINDOWS\SYSTEM32\dhcpcsvc6.DLL
0x00007ffa4f190000 - 0x00007ffa4f1af000 	C:\WINDOWS\SYSTEM32\dhcpcsvc.DLL

dbghelp: loaded successfully - version: 4.0.5 - missing functions: none
symbol engine: initialized successfully - sym options: 0x614 - pdb path: .;C:\Users\evall\.p2\pool\plugins\org.eclipse.justj.openjdk.hotspot.jre.full.win32.x86_64_17.0.4.v20220805-1047\jre\bin;C:\WINDOWS\SYSTEM32;C:\WINDOWS\WinSxS\amd64_microsoft.windows.common-controls_6595b64144ccf1df_6.0.22621.608_none_a9444ca7c10bb01d;C:\Users\evall\.p2\pool\plugins\org.eclipse.justj.openjdk.hotspot.jre.full.win32.x86_64_17.0.4.v20220805-1047\jre\bin\server

VM Arguments:
jvm_args: -XX:+ShowCodeDetailsInExceptionMessages -agentlib:jdwp=transport=dt_socket,suspend=y,address=localhost:50570 -ea -javaagent:C:\Users\evall\eclipse\java-2022-06\eclipse\configuration\org.eclipse.osgi\215\0\.cp\lib\javaagent-shaded.jar -Dfile.encoding=UTF-8 
java_command: org.eclipse.jdt.internal.junit.runner.RemoteTestRunner -version 3 -port 50569 -testLoaderClass org.eclipse.jdt.internal.junit5.runner.JUnit5TestLoader -loaderpluginname org.eclipse.jdt.junit5.runtime -test assignment03.PriorityQueueTester:testInsertWithSmallListOfItems -uniqueId [engine:junit-vintage]/[runner:assignment03.PriorityQueueTester]/[test:testInsertWithSmallListOfItems(assignment03.PriorityQueueTester)]
java_class_path (initial): C:\Users\evall\git\2420-Summer\2420-Summer-Project\bin;C:\Users\evall\.p2\pool\plugins\org.junit.jupiter.api_5.8.1.v20211018-1956.jar;C:\Users\evall\.p2\pool\plugins\org.junit.jupiter.engine_5.8.1.v20211018-1956.jar;C:\Users\evall\.p2\pool\plugins\org.junit.jupiter.migrationsupport_5.8.1.v20211018-1956.jar;C:\Users\evall\.p2\pool\plugins\org.junit.jupiter.params_5.8.1.v20211018-1956.jar;C:\Users\evall\.p2\pool\plugins\org.junit.platform.commons_1.8.1.v20211018-1956.jar;C:\Users\evall\.p2\pool\plugins\org.junit.platform.engine_1.8.1.v20211018-1956.jar;C:\Users\evall\.p2\pool\plugins\org.junit.platform.launcher_1.8.1.v20211018-1956.jar;C:\Users\evall\.p2\pool\plugins\org.junit.platform.runner_1.8.1.v20211018-1956.jar;C:\Users\evall\.p2\pool\plugins\org.junit.platform.suite.api_1.8.1.v20211018-1956.jar;C:\Users\evall\.p2\pool\plugins\org.junit.platform.suite.engine_1.8.1.v20211028-1957.jar;C:\Users\evall\.p2\pool\plugins\org.junit.platform.suite.commons_1.8.1.v20211018-1956.jar;C:\Users\evall\.p2\pool\plugins\org.junit.vintage.engine_5.8.1.v20211018-1956.jar;C:\Users\evall\.p2\pool\plugins\org.opentest4j_1.2.0.v20211018-1956.jar;C:\Users\evall\.p2\pool\plugins\org.apiguardian_1.1.2.v20211018-1956.jar;C:\Users\evall\.p2\pool\plugins\org.junit_4.13.2.v20211018-1956.jar;C:\Users\evall\.p2\pool\plugins\org.hamcrest.core_1.3.0.v20180420-1519.jar;C:\Users\evall\eclipse\java-2022-06\eclipse\configuration\org.eclipse.osgi\214\0\.cp;C:\Users\evall\eclipse\java-2022-06\eclipse\configuration\org.eclipse.osgi\212\0\.cp
Launcher Type: SUN_STANDARD

[Global flags]
     intx CICompilerCount                          = 12                                        {product} {ergonomic}
     uint ConcGCThreads                            = 3                                         {product} {ergonomic}
     uint G1ConcRefinementThreads                  = 13                                        {product} {ergonomic}
   size_t G1HeapRegionSize                         = 2097152                                   {product} {ergonomic}
    uintx GCDrainStackTargetSize                   = 64                                        {product} {ergonomic}
   size_t InitialHeapSize                          = 264241152                                 {product} {ergonomic}
   size_t MarkStackSize                            = 4194304                                   {product} {ergonomic}
   size_t MaxHeapSize                              = 4221566976                                {product} {ergonomic}
   size_t MaxNewSize                               = 2531262464                                {product} {ergonomic}
   size_t MinHeapDeltaBytes                        = 2097152                                   {product} {ergonomic}
   size_t MinHeapSize                              = 8388608                                   {product} {ergonomic}
    uintx NonNMethodCodeHeapSize                   = 7602480                                {pd product} {ergonomic}
    uintx NonProfiledCodeHeapSize                  = 122027880                              {pd product} {ergonomic}
    uintx ProfiledCodeHeapSize                     = 122027880                              {pd product} {ergonomic}
    uintx ReservedCodeCacheSize                    = 251658240                              {pd product} {ergonomic}
     bool SegmentedCodeCache                       = true                                      {product} {ergonomic}
     bool ShowCodeDetailsInExceptionMessages       = true                                   {manageable} {command line}
   size_t SoftMaxHeapSize                          = 4221566976                             {manageable} {ergonomic}
     bool UseCompressedClassPointers               = true                           {product lp64_product} {ergonomic}
     bool UseCompressedOops                        = true                           {product lp64_product} {ergonomic}
     bool UseG1GC                                  = true                                      {product} {ergonomic}
     bool UseLargePagesIndividualAllocation        = false                                  {pd product} {ergonomic}

Logging:
Log output configuration:
 #0: stdout all=warning uptime,level,tags
 #1: stderr all=off uptime,level,tags

Environment Variables:
PATH=C:\Users\evall\.p2\pool\plugins\org.eclipse.justj.openjdk.hotspot.jre.full.win32.x86_64_17.0.4.v20220805-1047\jre\bin;C:/Users/evall/.p2/pool/plugins/org.eclipse.justj.openjdk.hotspot.jre.full.win32.x86_64_17.0.4.v20220805-1047/jre/bin/server;C:/Users/evall/.p2/pool/plugins/org.eclipse.justj.openjdk.hotspot.jre.full.win32.x86_64_17.0.4.v20220805-1047/jre/bin;C:\Windows\system32;C:\Windows;C:\Windows\System32\Wbem;C:\Windows\System32\WindowsPowerShell\v1.0\;C:\Windows\System32\OpenSSH\;C:\Program Files (x86)\NVIDIA Corporation\PhysX\Common;C:\Program Files\NVIDIA Corporation\NVIDIA NvDLISR;C:\Program Files\dotnet\;%SystemRoot%\system32;%SystemRoot%;%SystemRoot%\System32\Wbem;%SYSTEMROOT%\System32\WindowsPowerShell\v1.0\;%SYSTEMROOT%\System32\OpenSSH\;C:\Users\evall\AppData\Local\Microsoft\WindowsApps;C:\Users\evall\AppData\Local\GitHubDesktop\bin;C:\Users\evall\.dotnet\tools;C:\WINDOWS\system32;
USERNAME=evall
OS=Windows_NT
PROCESSOR_IDENTIFIER=Intel64 Family 6 Model 141 Stepping 1, GenuineIntel
TMP=C:\Users\evall\AppData\Local\Temp
TEMP=C:\Users\evall\AppData\Local\Temp



---------------  S Y S T E M  ---------------

OS:
 Windows 11 , 64 bit Build 22621 (10.0.22621.1485)
OS uptime: 37 days 9:47 hours

CPU: total 16 (initial active 16) (8 cores per cpu, 2 threads per core) family 6 model 141 stepping 1 microcode 0x3e, cx8, cmov, fxsr, ht, mmx, 3dnowpref, sse, sse2, sse3, ssse3, sse4.1, sse4.2, popcnt, lzcnt, tsc, tscinvbit, avx, avx2, aes, erms, clmul, bmi1, bmi2, adx, avx512f, avx512dq, avx512cd, avx512bw, avx512vl, sha, fma, vzeroupper, avx512_vpopcntdq, avx512_vpclmulqdq, avx512_vaes, avx512_vnni, clflush, clflushopt, clwb, avx512_vbmi2, avx512_vbmi

Memory: 4k page, system-wide physical 16103M (4255M free)
TotalPageFile size 25346M (AvailPageFile size 5439M)
current process WorkingSet (physical memory assigned to process): 30M, peak: 99M
current process commit charge ("private bytes"): 360M, peak: 380M

vm_info: OpenJDK 64-Bit Server VM (17.0.4+8) for windows-amd64 JRE (17.0.4+8), built on Jul 19 2022 16:05:16 by "temurin" with MS VC++ 16.7 (VS2019)

END.
